TN:
SF:src/App.vue
FN:18,(anonymous_0)
FN:29,(anonymous_1)
FN:32,(anonymous_2)
FN:35,(anonymous_3)
FN:39,(anonymous_4)
FN:46,(anonymous_5)
FN:50,(anonymous_6)
FN:73,(anonymous_7)
FN:78,(anonymous_8)
FN:85,(anonymous_9)
FN:92,(anonymous_10)
FN:99,(anonymous_11)
FN:116,(anonymous_12)
FN:122,(anonymous_13)
FN:129,(anonymous_14)
FN:136,(anonymous_15)
FN:255,render
FN:272,(anonymous_17)
FN:280,(anonymous_18)
FN:291,(anonymous_19)
FN:298,(anonymous_20)
FN:311,(anonymous_21)
FN:319,(anonymous_22)
FN:327,(anonymous_23)
FN:334,(anonymous_24)
FN:347,(anonymous_25)
FN:355,(anonymous_26)
FN:362,(anonymous_27)
FN:375,(anonymous_28)
FN:383,(anonymous_29)
FN:390,(anonymous_30)
FN:403,(anonymous_31)
FN:411,(anonymous_32)
FN:419,(anonymous_33)
FN:427,(anonymous_34)
FN:434,(anonymous_35)
FN:443,(anonymous_36)
FN:455,(anonymous_37)
FN:460,(anonymous_38)
FN:471,(anonymous_39)
FN:479,(anonymous_40)
FN:488,(anonymous_41)
FNF:42
FNH:0
FNDA:0,(anonymous_0)
FNDA:0,(anonymous_1)
FNDA:0,(anonymous_2)
FNDA:0,(anonymous_3)
FNDA:0,(anonymous_4)
FNDA:0,(anonymous_5)
FNDA:0,(anonymous_6)
FNDA:0,(anonymous_7)
FNDA:0,(anonymous_8)
FNDA:0,(anonymous_9)
FNDA:0,(anonymous_10)
FNDA:0,(anonymous_11)
FNDA:0,(anonymous_12)
FNDA:0,(anonymous_13)
FNDA:0,(anonymous_14)
FNDA:0,(anonymous_15)
FNDA:0,render
FNDA:0,(anonymous_17)
FNDA:0,(anonymous_18)
FNDA:0,(anonymous_19)
FNDA:0,(anonymous_20)
FNDA:0,(anonymous_21)
FNDA:0,(anonymous_22)
FNDA:0,(anonymous_23)
FNDA:0,(anonymous_24)
FNDA:0,(anonymous_25)
FNDA:0,(anonymous_26)
FNDA:0,(anonymous_27)
FNDA:0,(anonymous_28)
FNDA:0,(anonymous_29)
FNDA:0,(anonymous_30)
FNDA:0,(anonymous_31)
FNDA:0,(anonymous_32)
FNDA:0,(anonymous_33)
FNDA:0,(anonymous_34)
FNDA:0,(anonymous_35)
FNDA:0,(anonymous_36)
FNDA:0,(anonymous_37)
FNDA:0,(anonymous_38)
FNDA:0,(anonymous_39)
FNDA:0,(anonymous_40)
FNDA:0,(anonymous_41)
DA:3,0
DA:4,0
DA:7,0
DA:8,0
DA:9,0
DA:10,0
DA:11,0
DA:12,0
DA:13,0
DA:19,0
DA:30,0
DA:33,0
DA:36,0
DA:41,0
DA:44,0
DA:47,0
DA:51,0
DA:53,0
DA:54,0
DA:56,0
DA:59,0
DA:60,0
DA:61,0
DA:65,0
DA:67,0
DA:70,0
DA:74,0
DA:76,0
DA:79,0
DA:80,0
DA:82,0
DA:86,0
DA:87,0
DA:88,0
DA:89,0
DA:93,0
DA:99,0
DA:100,0
DA:116,0
DA:119,0
DA:123,0
DA:129,0
DA:130,0
DA:133,0
DA:137,0
DA:138,0
DA:139,0
DA:141,0
DA:146,0
DA:148,0
DA:149,0
DA:152,0
DA:153,0
DA:154,0
DA:155,0
DA:158,0
DA:162,0
DA:165,0
DA:169,0
DA:172,0
DA:175,0
DA:178,0
DA:181,0
DA:184,0
DA:187,0
DA:190,0
DA:193,0
DA:196,0
DA:199,0
DA:202,0
DA:206,0
DA:209,0
DA:213,0
DA:217,0
DA:220,0
DA:223,0
DA:226,0
DA:230,0
DA:233,0
DA:236,0
DA:239,0
DA:242,0
DA:246,0
DA:249,0
DA:252,0
DA:256,0
DA:257,0
DA:258,0
DA:259,0
DA:272,0
DA:280,0
DA:291,0
DA:298,0
DA:311,0
DA:319,0
DA:327,0
DA:334,0
DA:347,0
DA:355,0
DA:362,0
DA:375,0
DA:383,0
DA:390,0
DA:403,0
DA:411,0
DA:419,0
DA:427,0
DA:434,0
DA:444,0
DA:455,0
DA:460,0
DA:471,0
DA:479,0
DA:488,0
DA:495,0
LF:115
LH:0
BRDA:54,0,0,0
BRDA:54,0,1,0
BRDA:59,1,0,0
BRDA:59,1,1,0
BRDA:79,2,0,0
BRDA:79,2,1,0
BRDA:88,3,0,0
BRDA:88,3,1,0
BRDA:88,4,0,0
BRDA:88,4,1,0
BRDA:259,5,0,0
BRDA:259,5,1,0
BRDA:259,6,0,0
BRDA:259,6,1,0
BRDA:268,7,0,0
BRDA:268,7,1,0
BRDA:272,8,0,0
BRDA:272,8,1,0
BRDA:280,9,0,0
BRDA:280,9,1,0
BRDA:280,10,0,0
BRDA:280,10,1,0
BRDA:281,11,0,0
BRDA:281,11,1,0
BRDA:291,12,0,0
BRDA:291,12,1,0
BRDA:298,13,0,0
BRDA:298,13,1,0
BRDA:299,14,0,0
BRDA:299,14,1,0
BRDA:311,15,0,0
BRDA:311,15,1,0
BRDA:319,16,0,0
BRDA:319,16,1,0
BRDA:327,17,0,0
BRDA:327,17,1,0
BRDA:334,18,0,0
BRDA:334,18,1,0
BRDA:335,19,0,0
BRDA:335,19,1,0
BRDA:347,20,0,0
BRDA:347,20,1,0
BRDA:355,21,0,0
BRDA:355,21,1,0
BRDA:362,22,0,0
BRDA:362,22,1,0
BRDA:363,23,0,0
BRDA:363,23,1,0
BRDA:375,24,0,0
BRDA:375,24,1,0
BRDA:383,25,0,0
BRDA:383,25,1,0
BRDA:390,26,0,0
BRDA:390,26,1,0
BRDA:391,27,0,0
BRDA:391,27,1,0
BRDA:403,28,0,0
BRDA:403,28,1,0
BRDA:411,29,0,0
BRDA:411,29,1,0
BRDA:419,30,0,0
BRDA:419,30,1,0
BRDA:427,31,0,0
BRDA:427,31,1,0
BRDA:434,32,0,0
BRDA:434,32,1,0
BRDA:435,33,0,0
BRDA:435,33,1,0
BRDA:437,34,0,0
BRDA:437,34,1,0
BRDA:441,35,0,0
BRDA:441,35,1,0
BRDA:443,36,0,0
BRDA:443,36,1,0
BRDA:443,37,0,0
BRDA:443,37,1,0
BRDA:447,38,0,0
BRDA:447,38,1,0
BRDA:452,39,0,0
BRDA:452,39,1,0
BRDA:455,40,0,0
BRDA:455,40,1,0
BRDA:460,41,0,0
BRDA:460,41,1,0
BRDA:461,42,0,0
BRDA:461,42,1,0
BRDA:471,43,0,0
BRDA:471,43,1,0
BRDA:479,44,0,0
BRDA:479,44,1,0
BRDA:483,45,0,0
BRDA:483,45,1,0
BRDA:488,46,0,0
BRDA:488,46,1,0
BRDA:488,47,0,0
BRDA:488,47,1,0
BRDA:489,48,0,0
BRDA:489,48,1,0
BRDA:491,49,0,0
BRDA:491,49,1,0
BRDA:494,50,0,0
BRDA:494,50,1,0
BRF:102
BRH:0
end_of_record
TN:
SF:src/i18n.js
FNF:0
FNH:0
DA:4,0
LF:1
LH:0
BRF:0
BRH:0
end_of_record
TN:
SF:src/api/api.js
FN:23,(anonymous_0)
FN:25,(anonymous_1)
FN:26,(anonymous_2)
FN:35,(anonymous_3)
FN:37,(anonymous_4)
FN:38,(anonymous_5)
FN:44,(anonymous_6)
FN:46,(anonymous_7)
FN:47,(anonymous_8)
FN:53,(anonymous_9)
FN:55,(anonymous_10)
FN:56,(anonymous_11)
FN:57,(anonymous_12)
FN:75,(anonymous_13)
FNF:14
FNH:0
FNDA:0,(anonymous_0)
FNDA:0,(anonymous_1)
FNDA:0,(anonymous_2)
FNDA:0,(anonymous_3)
FNDA:0,(anonymous_4)
FNDA:0,(anonymous_5)
FNDA:0,(anonymous_6)
FNDA:0,(anonymous_7)
FNDA:0,(anonymous_8)
FNDA:0,(anonymous_9)
FNDA:0,(anonymous_10)
FNDA:0,(anonymous_11)
FNDA:0,(anonymous_12)
FNDA:0,(anonymous_13)
DA:6,1
DA:9,1
DA:21,1
DA:23,0
DA:25,0
DA:26,0
DA:33,1
DA:35,0
DA:37,0
DA:38,0
DA:42,1
DA:44,0
DA:46,0
DA:47,0
DA:51,1
DA:53,0
DA:55,0
DA:56,0
DA:57,0
DA:61,1
DA:66,1
DA:73,1
DA:75,0
LF:23
LH:9
BRDA:6,0,0,1
BRDA:6,0,1,1
BRF:2
BRH:2
end_of_record
TN:
SF:src/components/common/AlertMessage.vue
FN:13,(anonymous_0)
FN:36,(anonymous_1)
FN:43,(anonymous_2)
FN:49,(anonymous_3)
FN:65,(anonymous_4)
FN:67,(anonymous_5)
FN:72,(anonymous_6)
FN:78,(anonymous_7)
FN:98,render
FN:112,(anonymous_9)
FNF:10
FNH:1
FNDA:1,(anonymous_0)
FNDA:0,(anonymous_1)
FNDA:0,(anonymous_2)
FNDA:0,(anonymous_3)
FNDA:0,(anonymous_4)
FNDA:0,(anonymous_5)
FNDA:0,(anonymous_6)
FNDA:0,(anonymous_7)
FNDA:0,render
FNDA:0,(anonymous_9)
DA:3,2
DA:6,2
DA:7,2
DA:13,1
DA:37,0
DA:44,0
DA:50,0
DA:51,0
DA:53,0
DA:55,0
DA:57,0
DA:59,0
DA:61,0
DA:66,0
DA:67,0
DA:68,0
DA:73,0
DA:74,0
DA:79,0
DA:80,0
DA:84,2
DA:86,2
DA:89,2
DA:90,2
DA:91,2
DA:94,2
DA:99,0
DA:100,0
DA:112,0
DA:115,2
LF:30
LH:11
BRDA:50,0,0,0
BRDA:50,0,1,0
BRDA:51,1,0,0
BRDA:51,1,1,0
BRDA:51,1,2,0
BRDA:51,1,3,0
BRDA:51,1,4,0
BRDA:66,2,0,0
BRDA:66,2,1,0
BRDA:73,3,0,0
BRDA:73,3,1,0
BRDA:100,4,0,0
BRDA:100,4,1,0
BRDA:104,5,0,0
BRDA:104,5,1,0
BRDA:108,6,0,0
BRDA:108,6,1,0
BRDA:108,7,0,0
BRDA:108,7,1,0
BRDA:112,8,0,0
BRDA:112,8,1,0
BRDA:112,9,0,0
BRDA:112,9,1,0
BRF:23
BRH:0
end_of_record
TN:
SF:src/components/common/AppPagination.vue
FN:29,(anonymous_0)
FN:32,(anonymous_1)
FN:45,(anonymous_2)
FN:48,(anonymous_3)
FN:53,(anonymous_4)
FN:82,render
FN:91,(anonymous_6)
FN:101,(anonymous_7)
FN:104,(anonymous_8)
FN:113,(anonymous_9)
FN:125,(anonymous_10)
FN:134,(anonymous_11)
FNF:12
FNH:0
FNDA:0,(anonymous_0)
FNDA:0,(anonymous_1)
FNDA:0,(anonymous_2)
FNDA:0,(anonymous_3)
FNDA:0,(anonymous_4)
FNDA:0,render
FNDA:0,(anonymous_6)
FNDA:0,(anonymous_7)
FNDA:0,(anonymous_8)
FNDA:0,(anonymous_9)
FNDA:0,(anonymous_10)
FNDA:0,(anonymous_11)
DA:3,0
DA:6,0
DA:7,0
DA:8,0
DA:30,0
DA:33,0
DA:34,0
DA:35,0
DA:36,0
DA:37,0
DA:39,0
DA:40,0
DA:41,0
DA:43,0
DA:46,0
DA:49,0
DA:54,0
DA:55,0
DA:59,0
DA:61,0
DA:64,0
DA:65,0
DA:66,0
DA:70,0
DA:73,0
DA:77,0
DA:78,0
DA:83,0
DA:91,0
DA:101,0
DA:105,0
DA:113,0
DA:125,0
DA:134,0
DA:138,0
LF:35
LH:0
BRDA:33,0,0,0
BRDA:33,0,1,0
BRDA:36,1,0,0
BRDA:36,1,1,0
BRDA:46,2,0,0
BRDA:46,2,1,0
BRDA:46,2,2,0
BRDA:49,3,0,0
BRDA:49,3,1,0
BRDA:49,3,2,0
BRDA:54,4,0,0
BRDA:54,4,1,0
BRDA:54,5,0,0
BRDA:54,5,1,0
BRDA:54,5,2,0
BRDA:83,6,0,0
BRDA:83,6,1,0
BRDA:91,7,0,0
BRDA:91,7,1,0
BRDA:92,8,0,0
BRDA:92,8,1,0
BRDA:101,9,0,0
BRDA:101,9,1,0
BRDA:102,10,0,0
BRDA:102,10,1,0
BRDA:102,11,0,0
BRDA:102,11,1,0
BRDA:115,12,0,0
BRDA:115,12,1,0
BRDA:115,13,0,0
BRDA:115,13,1,0
BRDA:117,14,0,0
BRDA:117,14,1,0
BRDA:125,15,0,0
BRDA:125,15,1,0
BRDA:134,16,0,0
BRDA:134,16,1,0
BRDA:135,17,0,0
BRDA:135,17,1,0
BRF:39
BRH:0
end_of_record
TN:
SF:src/components/common/Breadcrumb.vue
FN:12,(anonymous_0)
FN:37,render
FN:44,(anonymous_2)
FN:48,(anonymous_3)
FN:58,(anonymous_4)
FNF:5
FNH:0
FNDA:0,(anonymous_0)
FNDA:0,render
FNDA:0,(anonymous_2)
FNDA:0,(anonymous_3)
FNDA:0,(anonymous_4)
DA:3,0
DA:6,0
DA:7,0
DA:12,0
DA:16,0
DA:18,0
DA:21,0
DA:22,0
DA:23,0
DA:28,0
DA:31,0
DA:34,0
DA:38,0
DA:39,0
DA:44,0
DA:49,0
DA:58,0
DA:62,0
LF:18
LH:0
BRDA:39,0,0,0
BRDA:39,0,1,0
BRDA:39,1,0,0
BRDA:39,1,1,0
BRDA:44,2,0,0
BRDA:44,2,1,0
BRDA:54,3,0,0
BRDA:54,3,1,0
BRDA:54,4,0,0
BRDA:54,4,1,0
BRF:10
BRH:0
end_of_record
TN:
SF:src/components/common/ConfirmDialog.vue
FN:22,(anonymous_0)
FN:37,(anonymous_1)
FN:43,(anonymous_2)
FN:52,(anonymous_3)
FN:62,(anonymous_4)
FN:72,(anonymous_5)
FN:76,(anonymous_6)
FN:79,(anonymous_7)
FN:82,(anonymous_8)
FN:125,render
FN:141,(anonymous_10)
FNF:11
FNH:0
FNDA:0,(anonymous_0)
FNDA:0,(anonymous_1)
FNDA:0,(anonymous_2)
FNDA:0,(anonymous_3)
FNDA:0,(anonymous_4)
FNDA:0,(anonymous_5)
FNDA:0,(anonymous_6)
FNDA:0,(anonymous_7)
FNDA:0,(anonymous_8)
FNDA:0,render
FNDA:0,(anonymous_10)
DA:3,1
DA:6,1
DA:7,1
DA:8,1
DA:22,0
DA:38,0
DA:44,0
DA:53,0
DA:63,0
DA:73,0
DA:77,0
DA:80,0
DA:83,0
DA:84,0
DA:88,1
DA:90,1
DA:93,1
DA:94,1
DA:95,1
DA:101,1
DA:104,1
DA:107,1
DA:110,1
DA:113,1
DA:117,1
DA:120,1
DA:126,0
DA:127,0
DA:141,0
DA:143,1
LF:30
LH:17
BRDA:129,0,0,0
BRDA:129,0,1,0
BRDA:134,1,0,0
BRDA:134,1,1,0
BRDA:141,2,0,0
BRDA:141,2,1,0
BRDA:141,3,0,0
BRDA:141,3,1,0
BRF:8
BRH:0
end_of_record
TN:
SF:src/components/common/LoadingSpinner.vue
FN:17,(anonymous_0)
FN:22,(anonymous_1)
FN:30,(anonymous_2)
FN:52,render
FNF:4
FNH:2
FNDA:3,(anonymous_0)
FNDA:3,(anonymous_1)
FNDA:0,(anonymous_2)
FNDA:0,render
DA:3,1
DA:6,1
DA:7,1
DA:17,3
DA:22,3
DA:31,0
DA:38,1
DA:40,1
DA:43,1
DA:44,1
DA:45,1
DA:48,1
DA:53,0
DA:61,1
LF:14
LH:12
BRDA:32,0,0,0
BRDA:32,0,1,0
BRDA:60,1,0,0
BRDA:60,1,1,0
BRF:4
BRH:0
end_of_record
TN:
SF:src/components/layout/AppFooter.vue
FN:10,(anonymous_0)
FN:34,render
FNF:2
FNH:0
FNDA:0,(anonymous_0)
FNDA:0,render
DA:3,0
DA:6,0
DA:7,0
DA:11,0
DA:15,0
DA:17,0
DA:20,0
DA:21,0
DA:22,0
DA:25,0
DA:28,0
DA:31,0
DA:35,0
DA:38,0
LF:14
LH:0
BRDA:35,0,0,0
BRDA:35,0,1,0
BRF:2
BRH:0
end_of_record
TN:
SF:src/components/layout/AppHeader.vue
FN:27,(anonymous_0)
FN:30,(anonymous_1)
FN:38,(anonymous_2)
FN:49,(anonymous_3)
FN:56,(anonymous_4)
FN:59,(anonymous_5)
FN:73,(anonymous_6)
FN:88,(anonymous_7)
FN:185,render
FN:190,(anonymous_9)
FN:197,(anonymous_10)
FN:211,(anonymous_11)
FN:216,(anonymous_12)
FN:225,(anonymous_13)
FN:230,(anonymous_14)
FN:246,(anonymous_15)
FN:255,(anonymous_16)
FN:265,(anonymous_17)
FNF:18
FNH:2
FNDA:0,(anonymous_0)
FNDA:0,(anonymous_1)
FNDA:0,(anonymous_2)
FNDA:0,(anonymous_3)
FNDA:0,(anonymous_4)
FNDA:0,(anonymous_5)
FNDA:0,(anonymous_6)
FNDA:2,(anonymous_7)
FNDA:2,render
FNDA:0,(anonymous_9)
FNDA:0,(anonymous_10)
FNDA:0,(anonymous_11)
FNDA:0,(anonymous_12)
FNDA:0,(anonymous_13)
FNDA:0,(anonymous_14)
FNDA:0,(anonymous_15)
FNDA:0,(anonymous_16)
FNDA:0,(anonymous_17)
DA:3,1
DA:4,1
DA:7,1
DA:8,1
DA:9,1
DA:10,1
DA:11,1
DA:28,0
DA:31,0
DA:32,0
DA:33,0
DA:35,0
DA:40,0
DA:41,0
DA:45,0
DA:46,0
DA:50,0
DA:51,0
DA:53,0
DA:57,0
DA:60,0
DA:62,0
DA:64,0
DA:66,0
DA:68,0
DA:70,0
DA:74,0
DA:76,0
DA:78,0
DA:80,0
DA:82,0
DA:84,0
DA:90,2
DA:93,1
DA:95,1
DA:96,1
DA:99,1
DA:100,1
DA:101,1
DA:102,1
DA:105,1
DA:108,1
DA:111,1
DA:119,1
DA:123,1
DA:127,1
DA:130,1
DA:134,1
DA:135,1
DA:138,1
DA:141,1
DA:144,1
DA:147,1
DA:150,1
DA:153,1
DA:157,1
DA:160,1
DA:163,1
DA:166,1
DA:174,1
DA:175,1
DA:178,1
DA:182,1
DA:186,2
DA:187,2
DA:188,2
DA:190,0
DA:197,0
DA:212,0
DA:216,0
DA:225,0
DA:230,0
DA:246,0
DA:255,0
DA:265,0
DA:270,1
LF:76
LH:42
BRDA:40,0,0,0
BRDA:40,0,1,0
BRDA:45,1,0,0
BRDA:45,1,1,0
BRDA:60,2,0,0
BRDA:60,2,1,0
BRDA:60,2,2,0
BRDA:60,2,3,0
BRDA:60,2,4,0
BRDA:74,3,0,0
BRDA:74,3,1,0
BRDA:74,3,2,0
BRDA:74,3,3,0
BRDA:74,3,4,0
BRDA:190,4,0,2
BRDA:190,4,1,2
BRDA:190,5,0,0
BRDA:190,5,1,0
BRDA:197,6,0,0
BRDA:197,6,1,0
BRDA:209,7,0,2
BRDA:209,7,1,0
BRDA:209,8,0,2
BRDA:209,8,1,0
BRDA:220,9,0,0
BRDA:220,9,1,0
BRDA:221,10,0,0
BRDA:221,10,1,0
BRDA:225,11,0,0
BRDA:225,11,1,0
BRDA:225,12,0,0
BRDA:225,12,1,0
BRDA:232,13,0,0
BRDA:232,13,1,2
BRDA:232,14,0,2
BRDA:232,14,1,2
BRDA:242,15,0,2
BRDA:242,15,1,0
BRDA:242,16,0,2
BRDA:242,16,1,0
BRDA:249,17,0,0
BRDA:249,17,1,0
BRDA:258,18,0,0
BRDA:258,18,1,0
BRDA:260,19,0,2
BRDA:260,19,1,2
BRDA:265,20,0,2
BRDA:265,20,1,2
BRDA:265,21,0,0
BRDA:265,21,1,0
BRDA:269,22,0,2
BRDA:269,22,1,2
BRF:52
BRH:15
end_of_record
TN:
SF:src/components/layout/AppLayout.vue
FN:18,(anonymous_0)
FN:24,(anonymous_1)
FN:27,(anonymous_2)
FN:32,(anonymous_3)
FN:39,(anonymous_4)
FN:60,render
FNF:6
FNH:0
FNDA:0,(anonymous_0)
FNDA:0,(anonymous_1)
FNDA:0,(anonymous_2)
FNDA:0,(anonymous_3)
FNDA:0,(anonymous_4)
FNDA:0,render
DA:3,0
DA:4,0
DA:7,0
DA:8,0
DA:9,0
DA:10,0
DA:11,0
DA:19,0
DA:25,0
DA:29,0
DA:34,0
DA:37,0
DA:41,0
DA:44,0
DA:46,0
DA:49,0
DA:50,0
DA:51,0
DA:54,0
DA:57,0
DA:61,0
DA:62,0
DA:63,0
DA:64,0
DA:72,0
LF:25
LH:0
BRDA:68,0,0,0
BRDA:68,0,1,0
BRF:2
BRH:0
end_of_record
TN:
SF:src/components/layout/AppSidebar.vue
FN:22,(anonymous_0)
FN:80,render
FN:93,(anonymous_2)
FN:103,(anonymous_3)
FN:113,(anonymous_4)
FN:123,(anonymous_5)
FN:133,(anonymous_6)
FN:143,(anonymous_7)
FN:153,(anonymous_8)
FN:163,(anonymous_9)
FN:173,(anonymous_10)
FN:183,(anonymous_11)
FN:193,(anonymous_12)
FN:203,(anonymous_13)
FNF:14
FNH:0
FNDA:0,(anonymous_0)
FNDA:0,render
FNDA:0,(anonymous_2)
FNDA:0,(anonymous_3)
FNDA:0,(anonymous_4)
FNDA:0,(anonymous_5)
FNDA:0,(anonymous_6)
FNDA:0,(anonymous_7)
FNDA:0,(anonymous_8)
FNDA:0,(anonymous_9)
FNDA:0,(anonymous_10)
FNDA:0,(anonymous_11)
FNDA:0,(anonymous_12)
FNDA:0,(anonymous_13)
DA:3,0
DA:6,0
DA:7,0
DA:8,0
DA:23,0
DA:27,0
DA:29,0
DA:32,0
DA:33,0
DA:34,0
DA:37,0
DA:40,0
DA:43,0
DA:46,0
DA:49,0
DA:52,0
DA:55,0
DA:58,0
DA:61,0
DA:64,0
DA:67,0
DA:70,0
DA:74,0
DA:77,0
DA:81,0
DA:82,0
DA:83,0
DA:93,0
DA:103,0
DA:113,0
DA:123,0
DA:133,0
DA:143,0
DA:153,0
DA:163,0
DA:173,0
DA:183,0
DA:193,0
DA:203,0
DA:208,0
LF:40
LH:0
BRDA:107,0,0,0
BRDA:107,0,1,0
BRDA:127,1,0,0
BRDA:127,1,1,0
BRDA:147,2,0,0
BRDA:147,2,1,0
BRDA:167,3,0,0
BRDA:167,3,1,0
BRDA:177,4,0,0
BRDA:177,4,1,0
BRDA:187,5,0,0
BRDA:187,5,1,0
BRDA:187,6,0,0
BRDA:187,6,1,0
BRDA:197,7,0,0
BRDA:197,7,1,0
BRF:16
BRH:0
end_of_record
TN:
SF:src/locales/vi.js
FNF:0
FNH:0
LF:0
LH:0
BRF:0
BRH:0
end_of_record
TN:
SF:src/services/api.service.js
FN:16,getCsrfToken
FN:19,(anonymous_1)
FN:26,(anonymous_2)
FN:43,(anonymous_3)
FN:50,(anonymous_4)
FN:53,(anonymous_5)
FNF:6
FNH:0
FNDA:0,getCsrfToken
FNDA:0,(anonymous_1)
FNDA:0,(anonymous_2)
FNDA:0,(anonymous_3)
FNDA:0,(anonymous_4)
FNDA:0,(anonymous_5)
DA:5,0
DA:17,0
DA:19,0
DA:21,0
DA:25,0
DA:28,0
DA:29,0
DA:30,0
DA:34,0
DA:35,0
DA:36,0
DA:37,0
DA:41,0
DA:44,0
DA:49,0
DA:51,0
DA:54,0
DA:56,0
DA:57,0
DA:58,0
DA:61,0
DA:62,0
DA:70,0
DA:72,0
DA:76,0
DA:82,0
DA:83,0
DA:85,0
DA:87,0
DA:90,0
DA:93,0
LF:31
LH:0
BRDA:29,0,0,0
BRDA:29,0,1,0
BRDA:34,1,0,0
BRDA:34,1,1,0
BRDA:34,2,0,0
BRDA:34,2,1,0
BRDA:36,3,0,0
BRDA:36,3,1,0
BRDA:54,4,0,0
BRDA:54,4,1,0
BRDA:56,5,0,0
BRDA:56,5,1,0
BRDA:61,6,0,0
BRDA:61,6,1,0
BRDA:70,7,0,0
BRDA:70,7,1,0
BRDA:76,8,0,0
BRDA:76,8,1,0
BRDA:82,9,0,0
BRDA:82,9,1,0
BRDA:85,10,0,0
BRDA:85,10,1,0
BRF:22
BRH:0
end_of_record
TN:
SF:src/services/auth.service.js
FN:6,(anonymous_0)
FN:11,(anonymous_1)
FN:21,(anonymous_2)
FN:28,(anonymous_3)
FN:32,(anonymous_4)
FN:36,(anonymous_5)
FN:47,(anonymous_6)
FN:53,(anonymous_7)
FNF:8
FNH:2
FNDA:0,(anonymous_0)
FNDA:2,(anonymous_1)
FNDA:0,(anonymous_2)
FNDA:1,(anonymous_3)
FNDA:0,(anonymous_4)
FNDA:0,(anonymous_5)
FNDA:0,(anonymous_6)
FNDA:0,(anonymous_7)
DA:7,0
DA:13,2
DA:15,2
DA:23,0
DA:25,0
DA:29,1
DA:33,0
DA:38,0
DA:40,0
DA:48,0
DA:54,0
LF:11
LH:3
BRF:0
BRH:0
end_of_record
TN:
SF:src/services/company.service.js
FN:12,(anonymous_0)
FNF:1
FNH:0
FNDA:0,(anonymous_0)
DA:13,0
LF:1
LH:0
BRF:0
BRH:0
end_of_record
TN:
SF:src/services/department.service.js
FN:5,(anonymous_0)
FN:9,(anonymous_1)
FN:13,(anonymous_2)
FN:17,(anonymous_3)
FN:21,(anonymous_4)
FN:25,(anonymous_5)
FNF:6
FNH:0
FNDA:0,(anonymous_0)
FNDA:0,(anonymous_1)
FNDA:0,(anonymous_2)
FNDA:0,(anonymous_3)
FNDA:0,(anonymous_4)
FNDA:0,(anonymous_5)
DA:6,0
DA:10,0
DA:14,0
DA:18,0
DA:22,0
DA:26,0
LF:6
LH:0
BRF:0
BRH:0
end_of_record
TN:
SF:src/services/document.service.js
FN:5,(anonymous_0)
FN:28,(anonymous_1)
FN:32,(anonymous_2)
FN:36,(anonymous_3)
FN:41,(anonymous_4)
FN:60,(anonymous_5)
FN:65,(anonymous_6)
FN:84,(anonymous_7)
FN:88,(anonymous_8)
FN:92,(anonymous_9)
FN:96,(anonymous_10)
FNF:11
FNH:0
FNDA:0,(anonymous_0)
FNDA:0,(anonymous_1)
FNDA:0,(anonymous_2)
FNDA:0,(anonymous_3)
FNDA:0,(anonymous_4)
FNDA:0,(anonymous_5)
FNDA:0,(anonymous_6)
FNDA:0,(anonymous_7)
FNDA:0,(anonymous_8)
FNDA:0,(anonymous_9)
FNDA:0,(anonymous_10)
DA:6,0
DA:7,0
DA:9,0
DA:10,0
DA:13,0
DA:14,0
DA:17,0
DA:18,0
DA:21,0
DA:22,0
DA:25,0
DA:29,0
DA:33,0
DA:38,0
DA:41,0
DA:42,0
DA:43,0
DA:44,0
DA:45,0
DA:48,0
DA:53,0
DA:62,0
DA:65,0
DA:66,0
DA:67,0
DA:68,0
DA:69,0
DA:72,0
DA:77,0
DA:85,0
DA:89,0
DA:93,0
DA:97,0
LF:33
LH:0
BRDA:5,0,0,0
BRDA:5,1,0,0
BRDA:5,2,0,0
BRDA:9,3,0,0
BRDA:9,3,1,0
BRDA:13,4,0,0
BRDA:13,4,1,0
BRDA:17,5,0,0
BRDA:17,5,1,0
BRDA:21,6,0,0
BRDA:21,6,1,0
BRDA:42,7,0,0
BRDA:42,7,1,0
BRDA:42,8,0,0
BRDA:42,8,1,0
BRDA:43,9,0,0
BRDA:43,9,1,0
BRDA:44,10,0,0
BRDA:44,10,1,0
BRDA:66,11,0,0
BRDA:66,11,1,0
BRDA:66,12,0,0
BRDA:66,12,1,0
BRDA:67,13,0,0
BRDA:67,13,1,0
BRDA:68,14,0,0
BRDA:68,14,1,0
BRF:27
BRH:0
end_of_record
TN:
SF:src/services/employee.service.js
FN:5,(anonymous_0)
FN:27,(anonymous_1)
FN:31,(anonymous_2)
FN:36,(anonymous_3)
FN:55,(anonymous_4)
FN:60,(anonymous_5)
FN:79,(anonymous_6)
FN:83,(anonymous_7)
FNF:8
FNH:0
FNDA:0,(anonymous_0)
FNDA:0,(anonymous_1)
FNDA:0,(anonymous_2)
FNDA:0,(anonymous_3)
FNDA:0,(anonymous_4)
FNDA:0,(anonymous_5)
FNDA:0,(anonymous_6)
FNDA:0,(anonymous_7)
DA:6,0
DA:8,0
DA:9,0
DA:12,0
DA:13,0
DA:16,0
DA:17,0
DA:20,0
DA:21,0
DA:24,0
DA:28,0
DA:33,0
DA:36,0
DA:37,0
DA:38,0
DA:39,0
DA:40,0
DA:43,0
DA:48,0
DA:57,0
DA:60,0
DA:61,0
DA:62,0
DA:63,0
DA:64,0
DA:67,0
DA:72,0
DA:80,0
DA:84,0
LF:29
LH:0
BRDA:5,0,0,0
BRDA:5,1,0,0
BRDA:5,2,0,0
BRDA:5,3,0,0
BRDA:5,4,0,0
BRDA:5,5,0,0
BRDA:8,6,0,0
BRDA:8,6,1,0
BRDA:12,7,0,0
BRDA:12,7,1,0
BRDA:16,8,0,0
BRDA:16,8,1,0
BRDA:20,9,0,0
BRDA:20,9,1,0
BRDA:37,10,0,0
BRDA:37,10,1,0
BRDA:37,11,0,0
BRDA:37,11,1,0
BRDA:38,12,0,0
BRDA:38,12,1,0
BRDA:38,13,0,0
BRDA:38,13,1,0
BRDA:38,13,2,0
BRDA:39,14,0,0
BRDA:39,14,1,0
BRDA:61,15,0,0
BRDA:61,15,1,0
BRDA:61,16,0,0
BRDA:61,16,1,0
BRDA:62,17,0,0
BRDA:62,17,1,0
BRDA:62,18,0,0
BRDA:62,18,1,0
BRDA:62,18,2,0
BRDA:63,19,0,0
BRDA:63,19,1,0
BRF:36
BRH:0
end_of_record
TN:
SF:src/services/factory.service.js
FN:5,(anonymous_0)
FN:9,(anonymous_1)
FN:13,(anonymous_2)
FN:17,(anonymous_3)
FN:21,(anonymous_4)
FN:25,(anonymous_5)
FNF:6
FNH:0
FNDA:0,(anonymous_0)
FNDA:0,(anonymous_1)
FNDA:0,(anonymous_2)
FNDA:0,(anonymous_3)
FNDA:0,(anonymous_4)
FNDA:0,(anonymous_5)
DA:6,0
DA:10,0
DA:14,0
DA:18,0
DA:22,0
DA:26,0
LF:6
LH:0
BRF:0
BRH:0
end_of_record
TN:
SF:src/services/notification.service.js
FN:5,(anonymous_0)
FN:9,(anonymous_1)
FN:13,(anonymous_2)
FN:17,(anonymous_3)
FNF:4
FNH:0
FNDA:0,(anonymous_0)
FNDA:0,(anonymous_1)
FNDA:0,(anonymous_2)
FNDA:0,(anonymous_3)
DA:6,0
DA:10,0
DA:14,0
DA:18,0
LF:4
LH:0
BRF:0
BRH:0
end_of_record
TN:
SF:src/services/profile.service.js
FN:11,(anonymous_0)
FN:20,(anonymous_1)
FN:29,(anonymous_2)
FNF:3
FNH:0
FNDA:0,(anonymous_0)
FNDA:0,(anonymous_1)
FNDA:0,(anonymous_2)
DA:12,0
DA:21,0
DA:30,0
DA:31,0
DA:33,0
LF:5
LH:0
BRF:0
BRH:0
end_of_record
TN:
SF:src/store/index.js
FN:19,(anonymous_0)
FN:20,(anonymous_1)
FN:21,(anonymous_2)
FN:22,(anonymous_3)
FN:23,(anonymous_4)
FN:24,(anonymous_5)
FN:27,(anonymous_6)
FN:30,(anonymous_7)
FN:33,(anonymous_8)
FN:36,(anonymous_9)
FN:39,(anonymous_10)
FN:44,(anonymous_11)
FN:47,(anonymous_12)
FN:50,(anonymous_13)
FN:53,(anonymous_14)
FN:56,(anonymous_15)
FN:59,(anonymous_16)
FNF:17
FNH:0
FNDA:0,(anonymous_0)
FNDA:0,(anonymous_1)
FNDA:0,(anonymous_2)
FNDA:0,(anonymous_3)
FNDA:0,(anonymous_4)
FNDA:0,(anonymous_5)
FNDA:0,(anonymous_6)
FNDA:0,(anonymous_7)
FNDA:0,(anonymous_8)
FNDA:0,(anonymous_9)
FNDA:0,(anonymous_10)
FNDA:0,(anonymous_11)
FNDA:0,(anonymous_12)
FNDA:0,(anonymous_13)
FNDA:0,(anonymous_14)
FNDA:0,(anonymous_15)
FNDA:0,(anonymous_16)
DA:19,0
DA:20,0
DA:21,0
DA:22,0
DA:23,0
DA:24,0
DA:28,0
DA:31,0
DA:34,0
DA:37,0
DA:40,0
DA:45,0
DA:48,0
DA:51,0
DA:54,0
DA:57,0
DA:60,0
DA:61,0
LF:18
LH:0
BRF:0
BRH:0
end_of_record
TN:
SF:src/store/modules/auth.js
FN:12,(anonymous_0)
FN:13,(anonymous_1)
FN:14,(anonymous_2)
FN:17,(anonymous_3)
FN:21,(anonymous_4)
FN:25,(anonymous_5)
FN:29,(anonymous_6)
FN:34,(anonymous_7)
FN:52,(anonymous_8)
FN:59,(anonymous_9)
FN:80,(anonymous_10)
FN:97,(anonymous_11)
FN:106,(anonymous_12)
FNF:13
FNH:5
FNDA:2,(anonymous_0)
FNDA:0,(anonymous_1)
FNDA:0,(anonymous_2)
FNDA:1,(anonymous_3)
FNDA:0,(anonymous_4)
FNDA:1,(anonymous_5)
FNDA:0,(anonymous_6)
FNDA:1,(anonymous_7)
FNDA:1,(anonymous_8)
FNDA:0,(anonymous_9)
FNDA:0,(anonymous_10)
FNDA:0,(anonymous_11)
FNDA:0,(anonymous_12)
DA:3,1
DA:4,1
DA:12,2
DA:13,0
DA:14,0
DA:18,1
DA:19,1
DA:22,0
DA:23,0
DA:26,1
DA:27,1
DA:30,0
DA:35,1
DA:36,1
DA:37,1
DA:38,1
DA:41,1
DA:42,1
DA:44,1
DA:45,1
DA:47,0
DA:48,0
DA:53,1
DA:54,1
DA:55,1
DA:56,1
DA:61,0
DA:62,0
DA:65,0
DA:66,0
DA:67,0
DA:70,0
DA:72,0
DA:73,0
DA:75,0
DA:76,0
DA:81,0
DA:82,0
DA:83,0
DA:86,0
DA:87,0
DA:88,0
DA:90,0
DA:91,0
DA:93,0
DA:98,0
DA:99,0
DA:100,0
DA:102,0
DA:107,0
DA:109,0
DA:110,0
DA:111,0
DA:112,0
DA:116,0
DA:117,0
DA:119,0
LF:57
LH:19
BRDA:4,0,0,0
BRDA:4,0,1,1
BRDA:14,1,0,0
BRDA:14,1,1,0
BRDA:61,2,0,0
BRDA:61,2,1,0
BRDA:110,3,0,0
BRDA:110,3,1,0
BRF:8
BRH:1
end_of_record
TN:
SF:src/store/modules/company.js
FN:12,(anonymous_0)
FN:13,(anonymous_1)
FN:14,(anonymous_2)
FN:15,(anonymous_3)
FN:23,(anonymous_4)
FN:40,(anonymous_5)
FN:44,(anonymous_6)
FN:47,(anonymous_7)
FNF:8
FNH:0
FNDA:0,(anonymous_0)
FNDA:0,(anonymous_1)
FNDA:0,(anonymous_2)
FNDA:0,(anonymous_3)
FNDA:0,(anonymous_4)
FNDA:0,(anonymous_5)
FNDA:0,(anonymous_6)
FNDA:0,(anonymous_7)
DA:4,0
DA:11,0
DA:12,0
DA:13,0
DA:14,0
DA:15,0
DA:19,0
DA:24,0
DA:25,0
DA:26,0
DA:27,0
DA:28,0
DA:30,0
DA:31,0
DA:33,0
DA:39,0
DA:41,0
DA:42,0
DA:45,0
DA:48,0
LF:20
LH:0
BRDA:30,0,0,0
BRDA:30,0,1,0
BRF:2
BRH:0
end_of_record
TN:
SF:src/store/modules/departments.js
FN:12,(anonymous_0)
FN:13,(anonymous_1)
FN:13,(anonymous_2)
FN:13,(anonymous_3)
FN:14,(anonymous_4)
FN:15,(anonymous_5)
FN:16,(anonymous_6)
FN:17,(anonymous_7)
FN:20,(anonymous_8)
FN:23,(anonymous_9)
FN:26,(anonymous_10)
FN:29,(anonymous_11)
FN:30,(anonymous_12)
FN:38,(anonymous_13)
FN:39,(anonymous_14)
FN:44,(anonymous_15)
FN:47,(anonymous_16)
FN:50,(anonymous_17)
FN:55,(anonymous_18)
FN:71,(anonymous_19)
FN:87,(anonymous_20)
FN:103,(anonymous_21)
FN:119,(anonymous_22)
FNF:23
FNH:0
FNDA:0,(anonymous_0)
FNDA:0,(anonymous_1)
FNDA:0,(anonymous_2)
FNDA:0,(anonymous_3)
FNDA:0,(anonymous_4)
FNDA:0,(anonymous_5)
FNDA:0,(anonymous_6)
FNDA:0,(anonymous_7)
FNDA:0,(anonymous_8)
FNDA:0,(anonymous_9)
FNDA:0,(anonymous_10)
FNDA:0,(anonymous_11)
FNDA:0,(anonymous_12)
FNDA:0,(anonymous_13)
FNDA:0,(anonymous_14)
FNDA:0,(anonymous_15)
FNDA:0,(anonymous_16)
FNDA:0,(anonymous_17)
FNDA:0,(anonymous_18)
FNDA:0,(anonymous_19)
FNDA:0,(anonymous_20)
FNDA:0,(anonymous_21)
FNDA:0,(anonymous_22)
DA:12,0
DA:13,0
DA:14,0
DA:15,0
DA:16,0
DA:17,0
DA:21,0
DA:24,0
DA:27,0
DA:30,0
DA:31,0
DA:32,0
DA:34,0
DA:35,0
DA:39,0
DA:40,0
DA:41,0
DA:45,0
DA:48,0
DA:51,0
DA:56,0
DA:57,0
DA:59,0
DA:60,0
DA:61,0
DA:62,0
DA:64,0
DA:65,0
DA:67,0
DA:72,0
DA:73,0
DA:75,0
DA:76,0
DA:77,0
DA:78,0
DA:80,0
DA:81,0
DA:83,0
DA:88,0
DA:89,0
DA:91,0
DA:92,0
DA:93,0
DA:94,0
DA:96,0
DA:97,0
DA:99,0
DA:104,0
DA:105,0
DA:107,0
DA:108,0
DA:109,0
DA:110,0
DA:112,0
DA:113,0
DA:115,0
DA:120,0
DA:121,0
DA:123,0
DA:124,0
DA:125,0
DA:126,0
DA:128,0
DA:129,0
DA:131,0
LF:65
LH:0
BRDA:31,0,0,0
BRDA:31,0,1,0
BRDA:34,1,0,0
BRDA:34,1,1,0
BRDA:34,2,0,0
BRDA:34,2,1,0
BRDA:40,3,0,0
BRDA:40,3,1,0
BRDA:40,4,0,0
BRDA:40,4,1,0
BRDA:64,5,0,0
BRDA:64,5,1,0
BRDA:80,6,0,0
BRDA:80,6,1,0
BRDA:96,7,0,0
BRDA:96,7,1,0
BRDA:112,8,0,0
BRDA:112,8,1,0
BRDA:128,9,0,0
BRDA:128,9,1,0
BRF:20
BRH:0
end_of_record
TN:
SF:src/store/modules/documents.js
FN:13,(anonymous_0)
FN:14,(anonymous_1)
FN:14,(anonymous_2)
FN:14,(anonymous_3)
FN:15,(anonymous_4)
FN:16,(anonymous_5)
FN:17,(anonymous_6)
FN:18,(anonymous_7)
FN:19,(anonymous_8)
FN:22,(anonymous_9)
FN:25,(anonymous_10)
FN:28,(anonymous_11)
FN:31,(anonymous_12)
FN:34,(anonymous_13)
FN:35,(anonymous_14)
FN:43,(anonymous_15)
FN:44,(anonymous_16)
FN:49,(anonymous_17)
FN:52,(anonymous_18)
FN:55,(anonymous_19)
FN:60,(anonymous_20)
FN:76,(anonymous_21)
FN:92,(anonymous_22)
FN:108,(anonymous_23)
FN:124,(anonymous_24)
FN:140,(anonymous_25)
FNF:26
FNH:0
FNDA:0,(anonymous_0)
FNDA:0,(anonymous_1)
FNDA:0,(anonymous_2)
FNDA:0,(anonymous_3)
FNDA:0,(anonymous_4)
FNDA:0,(anonymous_5)
FNDA:0,(anonymous_6)
FNDA:0,(anonymous_7)
FNDA:0,(anonymous_8)
FNDA:0,(anonymous_9)
FNDA:0,(anonymous_10)
FNDA:0,(anonymous_11)
FNDA:0,(anonymous_12)
FNDA:0,(anonymous_13)
FNDA:0,(anonymous_14)
FNDA:0,(anonymous_15)
FNDA:0,(anonymous_16)
FNDA:0,(anonymous_17)
FNDA:0,(anonymous_18)
FNDA:0,(anonymous_19)
FNDA:0,(anonymous_20)
FNDA:0,(anonymous_21)
FNDA:0,(anonymous_22)
FNDA:0,(anonymous_23)
FNDA:0,(anonymous_24)
FNDA:0,(anonymous_25)
DA:13,0
DA:14,0
DA:15,0
DA:16,0
DA:17,0
DA:18,0
DA:19,0
DA:23,0
DA:26,0
DA:29,0
DA:32,0
DA:35,0
DA:36,0
DA:37,0
DA:39,0
DA:40,0
DA:44,0
DA:45,0
DA:46,0
DA:50,0
DA:53,0
DA:56,0
DA:61,0
DA:62,0
DA:64,0
DA:65,0
DA:66,0
DA:67,0
DA:69,0
DA:70,0
DA:72,0
DA:77,0
DA:78,0
DA:80,0
DA:81,0
DA:82,0
DA:83,0
DA:85,0
DA:86,0
DA:88,0
DA:93,0
DA:94,0
DA:96,0
DA:97,0
DA:98,0
DA:99,0
DA:101,0
DA:102,0
DA:104,0
DA:109,0
DA:110,0
DA:112,0
DA:113,0
DA:114,0
DA:115,0
DA:117,0
DA:118,0
DA:120,0
DA:125,0
DA:126,0
DA:128,0
DA:129,0
DA:130,0
DA:131,0
DA:133,0
DA:134,0
DA:136,0
DA:141,0
DA:142,0
DA:144,0
DA:145,0
DA:146,0
DA:147,0
DA:149,0
DA:150,0
DA:152,0
LF:76
LH:0
BRDA:36,0,0,0
BRDA:36,0,1,0
BRDA:39,1,0,0
BRDA:39,1,1,0
BRDA:39,2,0,0
BRDA:39,2,1,0
BRDA:45,3,0,0
BRDA:45,3,1,0
BRDA:45,4,0,0
BRDA:45,4,1,0
BRDA:60,5,0,0
BRDA:60,6,0,0
BRDA:60,7,0,0
BRDA:69,8,0,0
BRDA:69,8,1,0
BRDA:85,9,0,0
BRDA:85,9,1,0
BRDA:101,10,0,0
BRDA:101,10,1,0
BRDA:117,11,0,0
BRDA:117,11,1,0
BRDA:133,12,0,0
BRDA:133,12,1,0
BRDA:149,13,0,0
BRDA:149,13,1,0
BRF:25
BRH:0
end_of_record
TN:
SF:src/store/modules/employees.js
FN:13,(anonymous_0)
FN:14,(anonymous_1)
FN:14,(anonymous_2)
FN:14,(anonymous_3)
FN:15,(anonymous_4)
FN:16,(anonymous_5)
FN:17,(anonymous_6)
FN:18,(anonymous_7)
FN:19,(anonymous_8)
FN:22,(anonymous_9)
FN:25,(anonymous_10)
FN:28,(anonymous_11)
FN:31,(anonymous_12)
FN:34,(anonymous_13)
FN:35,(anonymous_14)
FN:43,(anonymous_15)
FN:44,(anonymous_16)
FN:49,(anonymous_17)
FN:52,(anonymous_18)
FN:55,(anonymous_19)
FN:60,(anonymous_20)
FN:77,(anonymous_21)
FN:93,(anonymous_22)
FN:109,(anonymous_23)
FN:125,(anonymous_24)
FNF:25
FNH:0
FNDA:0,(anonymous_0)
FNDA:0,(anonymous_1)
FNDA:0,(anonymous_2)
FNDA:0,(anonymous_3)
FNDA:0,(anonymous_4)
FNDA:0,(anonymous_5)
FNDA:0,(anonymous_6)
FNDA:0,(anonymous_7)
FNDA:0,(anonymous_8)
FNDA:0,(anonymous_9)
FNDA:0,(anonymous_10)
FNDA:0,(anonymous_11)
FNDA:0,(anonymous_12)
FNDA:0,(anonymous_13)
FNDA:0,(anonymous_14)
FNDA:0,(anonymous_15)
FNDA:0,(anonymous_16)
FNDA:0,(anonymous_17)
FNDA:0,(anonymous_18)
FNDA:0,(anonymous_19)
FNDA:0,(anonymous_20)
FNDA:0,(anonymous_21)
FNDA:0,(anonymous_22)
FNDA:0,(anonymous_23)
FNDA:0,(anonymous_24)
DA:13,0
DA:14,0
DA:15,0
DA:16,0
DA:17,0
DA:18,0
DA:19,0
DA:23,0
DA:26,0
DA:29,0
DA:32,0
DA:35,0
DA:36,0
DA:37,0
DA:39,0
DA:40,0
DA:44,0
DA:45,0
DA:46,0
DA:50,0
DA:53,0
DA:56,0
DA:61,0
DA:62,0
DA:64,0
DA:65,0
DA:66,0
DA:67,0
DA:68,0
DA:70,0
DA:71,0
DA:73,0
DA:78,0
DA:79,0
DA:81,0
DA:82,0
DA:83,0
DA:84,0
DA:86,0
DA:87,0
DA:89,0
DA:94,0
DA:95,0
DA:97,0
DA:98,0
DA:99,0
DA:100,0
DA:102,0
DA:103,0
DA:105,0
DA:110,0
DA:111,0
DA:113,0
DA:114,0
DA:115,0
DA:116,0
DA:118,0
DA:119,0
DA:121,0
DA:126,0
DA:127,0
DA:129,0
DA:130,0
DA:131,0
DA:132,0
DA:134,0
DA:135,0
DA:137,0
LF:68
LH:0
BRDA:36,0,0,0
BRDA:36,0,1,0
BRDA:39,1,0,0
BRDA:39,1,1,0
BRDA:39,2,0,0
BRDA:39,2,1,0
BRDA:45,3,0,0
BRDA:45,3,1,0
BRDA:45,4,0,0
BRDA:45,4,1,0
BRDA:60,5,0,0
BRDA:60,6,0,0
BRDA:60,7,0,0
BRDA:60,8,0,0
BRDA:60,9,0,0
BRDA:60,10,0,0
BRDA:70,11,0,0
BRDA:70,11,1,0
BRDA:86,12,0,0
BRDA:86,12,1,0
BRDA:102,13,0,0
BRDA:102,13,1,0
BRDA:118,14,0,0
BRDA:118,14,1,0
BRDA:134,15,0,0
BRDA:134,15,1,0
BRF:26
BRH:0
end_of_record
TN:
SF:src/store/modules/factories.js
FN:12,(anonymous_0)
FN:13,(anonymous_1)
FN:13,(anonymous_2)
FN:13,(anonymous_3)
FN:14,(anonymous_4)
FN:15,(anonymous_5)
FN:16,(anonymous_6)
FN:17,(anonymous_7)
FN:20,(anonymous_8)
FN:23,(anonymous_9)
FN:26,(anonymous_10)
FN:29,(anonymous_11)
FN:30,(anonymous_12)
FN:38,(anonymous_13)
FN:39,(anonymous_14)
FN:44,(anonymous_15)
FN:47,(anonymous_16)
FN:50,(anonymous_17)
FN:55,(anonymous_18)
FN:71,(anonymous_19)
FN:87,(anonymous_20)
FN:103,(anonymous_21)
FN:119,(anonymous_22)
FNF:23
FNH:0
FNDA:0,(anonymous_0)
FNDA:0,(anonymous_1)
FNDA:0,(anonymous_2)
FNDA:0,(anonymous_3)
FNDA:0,(anonymous_4)
FNDA:0,(anonymous_5)
FNDA:0,(anonymous_6)
FNDA:0,(anonymous_7)
FNDA:0,(anonymous_8)
FNDA:0,(anonymous_9)
FNDA:0,(anonymous_10)
FNDA:0,(anonymous_11)
FNDA:0,(anonymous_12)
FNDA:0,(anonymous_13)
FNDA:0,(anonymous_14)
FNDA:0,(anonymous_15)
FNDA:0,(anonymous_16)
FNDA:0,(anonymous_17)
FNDA:0,(anonymous_18)
FNDA:0,(anonymous_19)
FNDA:0,(anonymous_20)
FNDA:0,(anonymous_21)
FNDA:0,(anonymous_22)
DA:12,0
DA:13,0
DA:14,0
DA:15,0
DA:16,0
DA:17,0
DA:21,0
DA:24,0
DA:27,0
DA:30,0
DA:31,0
DA:32,0
DA:34,0
DA:35,0
DA:39,0
DA:40,0
DA:41,0
DA:45,0
DA:48,0
DA:51,0
DA:56,0
DA:57,0
DA:59,0
DA:60,0
DA:61,0
DA:62,0
DA:64,0
DA:65,0
DA:67,0
DA:72,0
DA:73,0
DA:75,0
DA:76,0
DA:77,0
DA:78,0
DA:80,0
DA:81,0
DA:83,0
DA:88,0
DA:89,0
DA:91,0
DA:92,0
DA:93,0
DA:94,0
DA:96,0
DA:97,0
DA:99,0
DA:104,0
DA:105,0
DA:107,0
DA:108,0
DA:109,0
DA:110,0
DA:112,0
DA:113,0
DA:115,0
DA:120,0
DA:121,0
DA:123,0
DA:124,0
DA:125,0
DA:126,0
DA:128,0
DA:129,0
DA:131,0
LF:65
LH:0
BRDA:31,0,0,0
BRDA:31,0,1,0
BRDA:34,1,0,0
BRDA:34,1,1,0
BRDA:34,2,0,0
BRDA:34,2,1,0
BRDA:40,3,0,0
BRDA:40,3,1,0
BRDA:40,4,0,0
BRDA:40,4,1,0
BRDA:64,5,0,0
BRDA:64,5,1,0
BRDA:80,6,0,0
BRDA:80,6,1,0
BRDA:96,7,0,0
BRDA:96,7,1,0
BRDA:112,8,0,0
BRDA:112,8,1,0
BRDA:128,9,0,0
BRDA:128,9,1,0
BRF:20
BRH:0
end_of_record
TN:
SF:src/store/modules/notifications.js
FN:13,(anonymous_0)
FN:14,(anonymous_1)
FN:14,(anonymous_2)
FN:15,(anonymous_3)
FN:16,(anonymous_4)
FN:17,(anonymous_5)
FN:18,(anonymous_6)
FN:19,(anonymous_7)
FN:22,(anonymous_8)
FN:25,(anonymous_9)
FN:28,(anonymous_10)
FN:34,(anonymous_11)
FN:35,(anonymous_12)
FN:41,(anonymous_13)
FN:42,(anonymous_14)
FN:47,(anonymous_15)
FN:48,(anonymous_16)
FN:52,(anonymous_17)
FN:54,(anonymous_18)
FN:57,(anonymous_19)
FN:60,(anonymous_20)
FN:63,(anonymous_21)
FN:68,(anonymous_22)
FN:85,(anonymous_23)
FN:96,(anonymous_24)
FN:107,(anonymous_25)
FN:118,(anonymous_26)
FN:125,(anonymous_27)
FN:135,(anonymous_28)
FN:137,(anonymous_29)
FN:145,(anonymous_30)
FNF:31
FNH:0
FNDA:0,(anonymous_0)
FNDA:0,(anonymous_1)
FNDA:0,(anonymous_2)
FNDA:0,(anonymous_3)
FNDA:0,(anonymous_4)
FNDA:0,(anonymous_5)
FNDA:0,(anonymous_6)
FNDA:0,(anonymous_7)
FNDA:0,(anonymous_8)
FNDA:0,(anonymous_9)
FNDA:0,(anonymous_10)
FNDA:0,(anonymous_11)
FNDA:0,(anonymous_12)
FNDA:0,(anonymous_13)
FNDA:0,(anonymous_14)
FNDA:0,(anonymous_15)
FNDA:0,(anonymous_16)
FNDA:0,(anonymous_17)
FNDA:0,(anonymous_18)
FNDA:0,(anonymous_19)
FNDA:0,(anonymous_20)
FNDA:0,(anonymous_21)
FNDA:0,(anonymous_22)
FNDA:0,(anonymous_23)
FNDA:0,(anonymous_24)
FNDA:0,(anonymous_25)
FNDA:0,(anonymous_26)
FNDA:0,(anonymous_27)
FNDA:0,(anonymous_28)
FNDA:0,(anonymous_29)
FNDA:0,(anonymous_30)
DA:13,0
DA:14,0
DA:15,0
DA:16,0
DA:17,0
DA:18,0
DA:19,0
DA:23,0
DA:26,0
DA:29,0
DA:30,0
DA:31,0
DA:35,0
DA:36,0
DA:37,0
DA:38,0
DA:42,0
DA:43,0
DA:45,0
DA:48,0
DA:49,0
DA:50,0
DA:52,0
DA:55,0
DA:58,0
DA:61,0
DA:64,0
DA:69,0
DA:70,0
DA:72,0
DA:73,0
DA:74,0
DA:75,0
DA:76,0
DA:78,0
DA:79,0
DA:81,0
DA:86,0
DA:87,0
DA:88,0
DA:89,0
DA:91,0
DA:92,0
DA:97,0
DA:98,0
DA:99,0
DA:100,0
DA:102,0
DA:103,0
DA:108,0
DA:109,0
DA:110,0
DA:111,0
DA:113,0
DA:114,0
DA:119,0
DA:120,0
DA:122,0
DA:123,0
DA:125,0
DA:126,0
DA:128,0
DA:129,0
DA:130,0
DA:131,0
DA:135,0
DA:137,0
DA:138,0
DA:142,0
DA:146,0
DA:147,0
LF:71
LH:0
BRDA:30,0,0,0
BRDA:30,0,1,0
BRDA:36,1,0,0
BRDA:36,1,1,0
BRDA:36,2,0,0
BRDA:36,2,1,0
BRDA:49,3,0,0
BRDA:49,3,1,0
BRDA:49,4,0,0
BRDA:49,4,1,0
BRDA:78,5,0,0
BRDA:78,5,1,0
BRDA:91,6,0,0
BRDA:91,6,1,0
BRDA:102,7,0,0
BRDA:102,7,1,0
BRDA:113,8,0,0
BRDA:113,8,1,0
BRDA:120,9,0,0
BRDA:120,9,1,0
BRDA:122,10,0,0
BRDA:122,10,1,0
BRDA:128,11,0,0
BRDA:128,11,1,0
BRDA:130,12,0,0
BRDA:130,12,1,0
BRDA:146,13,0,0
BRDA:146,13,1,0
BRF:28
BRH:0
end_of_record
TN:
SF:src/store/modules/profile.js
FN:12,(anonymous_0)
FN:13,(anonymous_1)
FN:14,(anonymous_2)
FN:15,(anonymous_3)
FN:23,(anonymous_4)
FN:41,(anonymous_5)
FN:59,(anonymous_6)
FN:82,(anonymous_7)
FN:86,(anonymous_8)
FN:91,(anonymous_9)
FN:94,(anonymous_10)
FNF:11
FNH:0
FNDA:0,(anonymous_0)
FNDA:0,(anonymous_1)
FNDA:0,(anonymous_2)
FNDA:0,(anonymous_3)
FNDA:0,(anonymous_4)
FNDA:0,(anonymous_5)
FNDA:0,(anonymous_6)
FNDA:0,(anonymous_7)
FNDA:0,(anonymous_8)
FNDA:0,(anonymous_9)
FNDA:0,(anonymous_10)
DA:4,0
DA:11,0
DA:12,0
DA:13,0
DA:14,0
DA:15,0
DA:19,0
DA:24,0
DA:25,0
DA:26,0
DA:27,0
DA:28,0
DA:30,0
DA:31,0
DA:33,0
DA:42,0
DA:43,0
DA:44,0
DA:45,0
DA:46,0
DA:48,0
DA:49,0
DA:51,0
DA:60,0
DA:61,0
DA:62,0
DA:65,0
DA:68,0
DA:70,0
DA:72,0
DA:73,0
DA:75,0
DA:81,0
DA:83,0
DA:84,0
DA:87,0
DA:88,0
DA:92,0
DA:95,0
LF:39
LH:0
BRDA:30,0,0,0
BRDA:30,0,1,0
BRDA:48,1,0,0
BRDA:48,1,1,0
BRDA:72,2,0,0
BRDA:72,2,1,0
BRDA:87,3,0,0
BRDA:87,3,1,0
BRF:8
BRH:0
end_of_record
TN:
SF:src/utils/breadcrumb.js
FN:94,getBreadcrumbs
FN:112,(anonymous_1)
FNF:2
FNH:0
FNDA:0,getBreadcrumbs
FNDA:0,(anonymous_1)
DA:6,1
DA:95,0
DA:98,0
DA:99,0
DA:100,0
DA:104,0
DA:110,1
DA:113,0
LF:8
LH:2
BRDA:94,0,0,0
BRDA:95,1,0,0
BRDA:95,1,1,0
BRDA:98,2,0,0
BRDA:98,2,1,0
BRDA:98,3,0,0
BRDA:98,3,1,0
BRDA:99,4,0,0
BRDA:99,4,1,0
BRF:9
BRH:0
end_of_record
TN:
SF:src/views/auth/ChangePassword.vue
FN:17,(anonymous_0)
FN:31,(anonymous_1)
FN:35,(anonymous_2)
FN:38,(anonymous_3)
FN:50,(anonymous_4)
FN:53,(anonymous_5)
FN:56,(anonymous_6)
FN:59,(anonymous_7)
FN:74,(anonymous_8)
FN:151,render
FN:170,(anonymous_10)
FN:179,(anonymous_11)
FN:186,(anonymous_12)
FN:197,(anonymous_13)
FN:204,(anonymous_14)
FN:222,(anonymous_15)
FN:229,(anonymous_16)
FN:247,(anonymous_17)
FNF:18
FNH:0
FNDA:0,(anonymous_0)
FNDA:0,(anonymous_1)
FNDA:0,(anonymous_2)
FNDA:0,(anonymous_3)
FNDA:0,(anonymous_4)
FNDA:0,(anonymous_5)
FNDA:0,(anonymous_6)
FNDA:0,(anonymous_7)
FNDA:0,(anonymous_8)
FNDA:0,render
FNDA:0,(anonymous_10)
FNDA:0,(anonymous_11)
FNDA:0,(anonymous_12)
FNDA:0,(anonymous_13)
FNDA:0,(anonymous_14)
FNDA:0,(anonymous_15)
FNDA:0,(anonymous_16)
FNDA:0,(anonymous_17)
DA:3,0
DA:4,0
DA:7,0
DA:8,0
DA:9,0
DA:10,0
DA:11,0
DA:18,0
DA:32,0
DA:33,0
DA:36,0
DA:39,0
DA:51,0
DA:54,0
DA:57,0
DA:60,0
DA:61,0
DA:62,0
DA:63,0
DA:64,0
DA:74,0
DA:75,0
DA:76,0
DA:77,0
DA:78,0
DA:80,0
DA:82,0
DA:87,0
DA:89,0
DA:92,0
DA:93,0
DA:94,0
DA:97,0
DA:100,0
DA:103,0
DA:106,0
DA:109,0
DA:112,0
DA:113,0
DA:116,0
DA:119,0
DA:122,0
DA:123,0
DA:127,0
DA:130,0
DA:133,0
DA:136,0
DA:137,0
DA:141,0
DA:144,0
DA:145,0
DA:152,0
DA:153,0
DA:154,0
DA:155,0
DA:170,0
DA:179,0
DA:186,0
DA:197,0
DA:204,0
DA:222,0
DA:229,0
DA:247,0
DA:250,0
LF:64
LH:0
BRDA:36,0,0,0
BRDA:36,0,1,0
BRDA:39,1,0,0
BRDA:39,1,1,0
BRDA:39,1,2,0
BRDA:60,2,0,0
BRDA:60,2,1,0
BRDA:80,3,0,0
BRDA:80,3,1,0
BRDA:155,4,0,0
BRDA:155,4,1,0
BRDA:159,5,0,0
BRDA:159,5,1,0
BRDA:164,6,0,0
BRDA:164,6,1,0
BRDA:170,7,0,0
BRDA:170,7,1,0
BRDA:170,8,0,0
BRDA:170,8,1,0
BRDA:171,9,0,0
BRDA:171,9,1,0
BRDA:177,10,0,0
BRDA:177,10,1,0
BRDA:179,11,0,0
BRDA:179,11,1,0
BRDA:186,12,0,0
BRDA:186,12,1,0
BRDA:186,13,0,0
BRDA:186,13,1,0
BRDA:188,14,0,0
BRDA:188,14,1,0
BRDA:189,15,0,0
BRDA:189,15,1,0
BRDA:195,16,0,0
BRDA:195,16,1,0
BRDA:197,17,0,0
BRDA:197,17,1,0
BRDA:204,18,0,0
BRDA:204,18,1,0
BRDA:204,19,0,0
BRDA:204,19,1,0
BRDA:206,20,0,0
BRDA:206,20,1,0
BRDA:207,21,0,0
BRDA:207,21,1,0
BRDA:213,22,0,0
BRDA:213,22,1,0
BRDA:214,23,0,0
BRDA:214,23,1,0
BRDA:214,24,0,0
BRDA:214,24,1,0
BRDA:220,25,0,0
BRDA:220,25,1,0
BRDA:222,26,0,0
BRDA:222,26,1,0
BRDA:229,27,0,0
BRDA:229,27,1,0
BRDA:229,28,0,0
BRDA:229,28,1,0
BRDA:231,29,0,0
BRDA:231,29,1,0
BRDA:232,30,0,0
BRDA:232,30,1,0
BRDA:238,31,0,0
BRDA:238,31,1,0
BRDA:239,32,0,0
BRDA:239,32,1,0
BRDA:242,33,0,0
BRDA:242,33,1,0
BRDA:243,34,0,0
BRDA:243,34,1,0
BRDA:243,35,0,0
BRDA:243,35,1,0
BRDA:247,36,0,0
BRDA:247,36,1,0
BRF:75
BRH:0
end_of_record
TN:
SF:src/views/auth/ForgotPassword.vue
FN:15,(anonymous_0)
FN:24,(anonymous_1)
FN:35,(anonymous_2)
FN:45,(anonymous_3)
FN:99,render
FN:129,(anonymous_5)
FN:138,(anonymous_6)
FN:151,(anonymous_7)
FNF:8
FNH:0
FNDA:0,(anonymous_0)
FNDA:0,(anonymous_1)
FNDA:0,(anonymous_2)
FNDA:0,(anonymous_3)
FNDA:0,render
FNDA:0,(anonymous_5)
FNDA:0,(anonymous_6)
FNDA:0,(anonymous_7)
DA:3,0
DA:4,0
DA:7,0
DA:8,0
DA:9,0
DA:10,0
DA:16,0
DA:25,0
DA:36,0
DA:37,0
DA:38,0
DA:39,0
DA:45,0
DA:46,0
DA:47,0
DA:49,0
DA:51,0
DA:56,0
DA:58,0
DA:59,0
DA:62,0
DA:63,0
DA:64,0
DA:65,0
DA:68,0
DA:71,0
DA:74,0
DA:77,0
DA:80,0
DA:83,0
DA:86,0
DA:89,0
DA:90,0
DA:96,0
DA:100,0
DA:101,0
DA:102,0
DA:103,0
DA:129,0
DA:138,0
DA:151,0
DA:154,0
LF:42
LH:0
BRDA:49,0,0,0
BRDA:49,0,1,0
BRDA:103,1,0,0
BRDA:103,1,1,0
BRDA:114,2,0,0
BRDA:114,2,1,0
BRDA:116,3,0,0
BRDA:116,3,1,0
BRDA:121,4,0,0
BRDA:121,4,1,0
BRDA:126,5,0,0
BRDA:126,5,1,0
BRDA:129,6,0,0
BRDA:129,6,1,0
BRDA:129,7,0,0
BRDA:129,7,1,0
BRDA:130,8,0,0
BRDA:130,8,1,0
BRDA:138,9,0,0
BRDA:138,9,1,0
BRDA:147,10,0,0
BRDA:147,10,1,0
BRDA:147,11,0,0
BRDA:147,11,1,0
BRDA:151,12,0,0
BRDA:151,12,1,0
BRF:26
BRH:0
end_of_record
TN:
SF:src/views/auth/Login.vue
FN:16,(anonymous_0)
FN:27,(anonymous_1)
FN:37,(anonymous_2)
FN:55,(anonymous_3)
FN:58,(anonymous_4)
FN:123,render
FN:145,(anonymous_6)
FN:154,(anonymous_7)
FN:167,(anonymous_8)
FN:174,(anonymous_9)
FN:180,(anonymous_10)
FN:191,(anonymous_11)
FNF:12
FNH:7
FNDA:3,(anonymous_0)
FNDA:3,(anonymous_1)
FNDA:2,(anonymous_2)
FNDA:0,(anonymous_3)
FNDA:0,(anonymous_4)
FNDA:11,render
FNDA:2,(anonymous_6)
FNDA:2,(anonymous_7)
FNDA:2,(anonymous_8)
FNDA:0,(anonymous_9)
FNDA:0,(anonymous_10)
FNDA:0,(anonymous_11)
DA:3,1
DA:4,1
DA:7,1
DA:8,1
DA:9,1
DA:10,1
DA:11,1
DA:17,3
DA:28,3
DA:38,2
DA:39,2
DA:40,2
DA:41,2
DA:47,1
DA:48,1
DA:50,1
DA:52,2
DA:56,0
DA:60,0
DA:64,1
DA:66,1
DA:67,1
DA:70,1
DA:71,1
DA:72,1
DA:73,1
DA:76,1
DA:79,1
DA:82,1
DA:85,1
DA:88,1
DA:91,1
DA:94,1
DA:97,1
DA:100,1
DA:103,1
DA:104,1
DA:107,1
DA:110,1
DA:111,1
DA:117,1
DA:120,1
DA:124,11
DA:125,11
DA:126,11
DA:145,2
DA:154,2
DA:167,2
DA:174,0
DA:180,0
DA:191,0
DA:193,1
LF:52
LH:47
BRDA:47,0,0,1
BRDA:47,0,1,1
BRDA:50,1,0,1
BRDA:50,1,1,1
BRDA:126,2,0,11
BRDA:126,2,1,3
BRDA:137,3,0,11
BRDA:137,3,1,3
BRDA:139,4,0,1
BRDA:139,4,1,10
BRDA:145,5,0,11
BRDA:145,5,1,3
BRDA:145,6,0,2
BRDA:145,6,1,2
BRDA:146,7,0,11
BRDA:146,7,1,3
BRDA:154,8,0,11
BRDA:154,8,1,3
BRDA:159,9,0,11
BRDA:159,9,1,3
BRDA:165,10,0,0
BRDA:165,10,1,11
BRDA:167,11,0,11
BRDA:167,11,1,3
BRDA:174,12,0,11
BRDA:174,12,1,3
BRDA:174,13,0,0
BRDA:174,13,1,0
BRDA:176,14,0,0
BRDA:176,14,1,11
BRDA:180,15,0,11
BRDA:180,15,1,3
BRDA:182,16,0,11
BRDA:182,16,1,3
BRDA:189,17,0,2
BRDA:189,17,1,9
BRDA:189,18,0,11
BRDA:189,18,1,3
BRDA:191,19,0,11
BRDA:191,19,1,3
BRDA:191,20,0,0
BRDA:191,20,1,0
BRF:42
BRH:36
end_of_record
TN:
SF:src/views/auth/ResetPassword.vue
FN:15,(anonymous_0)
FN:29,(anonymous_1)
FN:32,(anonymous_2)
FN:36,(anonymous_3)
FN:39,(anonymous_4)
FN:43,(anonymous_5)
FN:63,(anonymous_6)
FN:66,(anonymous_7)
FN:69,(anonymous_8)
FN:83,(anonymous_9)
FN:165,render
FN:194,(anonymous_11)
FN:203,(anonymous_12)
FN:210,(anonymous_13)
FN:228,(anonymous_14)
FN:235,(anonymous_15)
FN:253,(anonymous_16)
FN:262,(anonymous_17)
FNF:18
FNH:0
FNDA:0,(anonymous_0)
FNDA:0,(anonymous_1)
FNDA:0,(anonymous_2)
FNDA:0,(anonymous_3)
FNDA:0,(anonymous_4)
FNDA:0,(anonymous_5)
FNDA:0,(anonymous_6)
FNDA:0,(anonymous_7)
FNDA:0,(anonymous_8)
FNDA:0,(anonymous_9)
FNDA:0,render
FNDA:0,(anonymous_11)
FNDA:0,(anonymous_12)
FNDA:0,(anonymous_13)
FNDA:0,(anonymous_14)
FNDA:0,(anonymous_15)
FNDA:0,(anonymous_16)
FNDA:0,(anonymous_17)
DA:3,0
DA:4,0
DA:7,0
DA:8,0
DA:9,0
DA:10,0
DA:16,0
DA:30,0
DA:33,0
DA:34,0
DA:37,0
DA:40,0
DA:48,0
DA:49,0
DA:50,0
DA:52,0
DA:53,0
DA:64,0
DA:67,0
DA:70,0
DA:71,0
DA:72,0
DA:73,0
DA:83,0
DA:84,0
DA:85,0
DA:86,0
DA:88,0
DA:90,0
DA:95,0
DA:97,0
DA:98,0
DA:101,0
DA:102,0
DA:103,0
DA:104,0
DA:107,0
DA:110,0
DA:113,0
DA:116,0
DA:120,0
DA:123,0
DA:126,0
DA:129,0
DA:130,0
DA:134,0
DA:137,0
DA:140,0
DA:143,0
DA:144,0
DA:148,0
DA:151,0
DA:152,0
DA:158,0
DA:162,0
DA:166,0
DA:167,0
DA:168,0
DA:169,0
DA:194,0
DA:203,0
DA:210,0
DA:228,0
DA:235,0
DA:253,0
DA:262,0
DA:265,0
LF:67
LH:0
BRDA:37,0,0,0
BRDA:37,0,1,0
BRDA:40,1,0,0
BRDA:40,1,1,0
BRDA:49,2,0,0
BRDA:49,2,1,0
BRDA:49,3,0,0
BRDA:49,3,1,0
BRDA:70,4,0,0
BRDA:70,4,1,0
BRDA:88,5,0,0
BRDA:88,5,1,0
BRDA:169,6,0,0
BRDA:169,6,1,0
BRDA:180,7,0,0
BRDA:180,7,1,0
BRDA:182,8,0,0
BRDA:182,8,1,0
BRDA:187,9,0,0
BRDA:187,9,1,0
BRDA:192,10,0,0
BRDA:192,10,1,0
BRDA:192,11,0,0
BRDA:192,11,1,0
BRDA:194,12,0,0
BRDA:194,12,1,0
BRDA:194,13,0,0
BRDA:194,13,1,0
BRDA:195,14,0,0
BRDA:195,14,1,0
BRDA:201,15,0,0
BRDA:201,15,1,0
BRDA:203,16,0,0
BRDA:203,16,1,0
BRDA:210,17,0,0
BRDA:210,17,1,0
BRDA:210,18,0,0
BRDA:210,18,1,0
BRDA:212,19,0,0
BRDA:212,19,1,0
BRDA:213,20,0,0
BRDA:213,20,1,0
BRDA:219,21,0,0
BRDA:219,21,1,0
BRDA:220,22,0,0
BRDA:220,22,1,0
BRDA:220,23,0,0
BRDA:220,23,1,0
BRDA:226,24,0,0
BRDA:226,24,1,0
BRDA:228,25,0,0
BRDA:228,25,1,0
BRDA:235,26,0,0
BRDA:235,26,1,0
BRDA:235,27,0,0
BRDA:235,27,1,0
BRDA:237,28,0,0
BRDA:237,28,1,0
BRDA:238,29,0,0
BRDA:238,29,1,0
BRDA:244,30,0,0
BRDA:244,30,1,0
BRDA:245,31,0,0
BRDA:245,31,1,0
BRDA:248,32,0,0
BRDA:248,32,1,0
BRDA:249,33,0,0
BRDA:249,33,1,0
BRDA:249,34,0,0
BRDA:249,34,1,0
BRDA:253,35,0,0
BRDA:253,35,1,0
BRDA:255,36,0,0
BRDA:255,36,1,0
BRDA:258,37,0,0
BRDA:258,37,1,0
BRDA:262,38,0,0
BRDA:262,38,1,0
BRF:78
BRH:0
end_of_record
TN:
SF:src/views/company/CompanyInfo.vue
FN:19,(anonymous_0)
FN:23,(anonymous_1)
FN:35,(anonymous_2)
FN:40,(anonymous_3)
FN:44,(anonymous_4)
FN:226,render
FNF:6
FNH:0
FNDA:0,(anonymous_0)
FNDA:0,(anonymous_1)
FNDA:0,(anonymous_2)
FNDA:0,(anonymous_3)
FNDA:0,(anonymous_4)
FNDA:0,render
DA:3,0
DA:4,0
DA:7,0
DA:8,0
DA:9,0
DA:10,0
DA:11,0
DA:12,0
DA:13,0
DA:20,0
DA:21,0
DA:22,0
DA:23,0
DA:24,0
DA:25,0
DA:26,0
DA:27,0
DA:29,0
DA:30,0
DA:32,0
DA:35,0
DA:36,0
DA:37,0
DA:38,0
DA:40,0
DA:41,0
DA:42,0
DA:44,0
DA:45,0
DA:47,0
DA:56,0
DA:58,0
DA:61,0
DA:62,0
DA:63,0
DA:66,0
DA:70,0
DA:74,0
DA:77,0
DA:80,0
DA:83,0
DA:86,0
DA:87,0
DA:95,0
DA:98,0
DA:101,0
DA:104,0
DA:107,0
DA:110,0
DA:113,0
DA:116,0
DA:119,0
DA:122,0
DA:125,0
DA:128,0
DA:131,0
DA:134,0
DA:137,0
DA:140,0
DA:143,0
DA:146,0
DA:149,0
DA:152,0
DA:155,0
DA:158,0
DA:161,0
DA:164,0
DA:168,0
DA:169,0
DA:173,0
DA:176,0
DA:179,0
DA:182,0
DA:185,0
DA:188,0
DA:191,0
DA:194,0
DA:197,0
DA:200,0
DA:203,0
DA:206,0
DA:209,0
DA:212,0
DA:215,0
DA:218,0
DA:222,0
DA:225,0
DA:227,0
DA:228,0
DA:299,0
LF:90
LH:0
BRDA:36,0,0,0
BRDA:36,0,1,0
BRDA:41,1,0,0
BRDA:41,1,1,0
BRDA:228,2,0,0
BRDA:228,2,1,0
BRDA:232,3,0,0
BRDA:232,3,1,0
BRDA:232,4,0,0
BRDA:232,4,1,0
BRDA:234,5,0,0
BRDA:234,5,1,0
BRDA:238,6,0,0
BRDA:238,6,1,0
BRDA:246,7,0,0
BRDA:246,7,1,0
BRDA:248,8,0,0
BRDA:248,8,1,0
BRDA:250,9,0,0
BRDA:250,9,1,0
BRDA:252,10,0,0
BRDA:252,10,1,0
BRDA:252,11,0,0
BRDA:252,11,1,0
BRDA:254,12,0,0
BRDA:254,12,1,0
BRDA:256,13,0,0
BRDA:256,13,1,0
BRDA:256,14,0,0
BRDA:256,14,1,0
BRDA:260,15,0,0
BRDA:260,15,1,0
BRDA:262,16,0,0
BRDA:262,16,1,0
BRDA:264,17,0,0
BRDA:264,17,1,0
BRDA:266,18,0,0
BRDA:266,18,1,0
BRDA:268,19,0,0
BRDA:268,19,1,0
BRDA:268,20,0,0
BRDA:268,20,1,0
BRDA:270,21,0,0
BRDA:270,21,1,0
BRDA:273,22,0,0
BRDA:273,22,1,0
BRDA:277,23,0,0
BRDA:277,23,1,0
BRDA:279,24,0,0
BRDA:279,24,1,0
BRDA:281,25,0,0
BRDA:281,25,1,0
BRDA:285,26,0,0
BRDA:285,26,1,0
BRDA:287,27,0,0
BRDA:287,27,1,0
BRDA:289,28,0,0
BRDA:289,28,1,0
BRDA:289,29,0,0
BRDA:289,29,1,0
BRDA:291,30,0,0
BRDA:291,30,1,0
BRDA:291,31,0,0
BRDA:291,31,1,0
BRDA:291,32,0,0
BRDA:291,32,1,0
BRF:66
BRH:0
end_of_record
TN:
SF:src/views/dashboard/Dashboard.vue
FN:18,(anonymous_0)
FN:55,(anonymous_1)
FN:60,(anonymous_2)
FN:65,(anonymous_3)
FN:79,(anonymous_4)
FN:83,(anonymous_5)
FN:90,(anonymous_6)
FN:93,(anonymous_7)
FN:109,(anonymous_8)
FN:123,(anonymous_9)
FN:339,render
FN:347,(anonymous_11)
FN:387,(anonymous_12)
FN:400,(anonymous_13)
FN:413,(anonymous_14)
FN:426,(anonymous_15)
FN:436,(anonymous_16)
FN:450,(anonymous_17)
FN:464,(anonymous_18)
FNF:19
FNH:0
FNDA:0,(anonymous_0)
FNDA:0,(anonymous_1)
FNDA:0,(anonymous_2)
FNDA:0,(anonymous_3)
FNDA:0,(anonymous_4)
FNDA:0,(anonymous_5)
FNDA:0,(anonymous_6)
FNDA:0,(anonymous_7)
FNDA:0,(anonymous_8)
FNDA:0,(anonymous_9)
FNDA:0,render
FNDA:0,(anonymous_11)
FNDA:0,(anonymous_12)
FNDA:0,(anonymous_13)
FNDA:0,(anonymous_14)
FNDA:0,(anonymous_15)
FNDA:0,(anonymous_16)
FNDA:0,(anonymous_17)
FNDA:0,(anonymous_18)
DA:3,0
DA:4,0
DA:7,0
DA:8,0
DA:9,0
DA:10,0
DA:11,0
DA:12,0
DA:19,0
DA:56,0
DA:57,0
DA:61,0
DA:62,0
DA:65,0
DA:66,0
DA:72,0
DA:74,0
DA:76,0
DA:80,0
DA:81,0
DA:84,0
DA:85,0
DA:87,0
DA:91,0
DA:94,0
DA:96,0
DA:98,0
DA:100,0
DA:102,0
DA:104,0
DA:106,0
DA:110,0
DA:112,0
DA:114,0
DA:116,0
DA:118,0
DA:120,0
DA:124,0
DA:126,0
DA:128,0
DA:130,0
DA:132,0
DA:134,0
DA:139,0
DA:141,0
DA:144,0
DA:145,0
DA:146,0
DA:149,0
DA:152,0
DA:155,0
DA:158,0
DA:161,0
DA:164,0
DA:167,0
DA:170,0
DA:171,0
DA:175,0
DA:178,0
DA:181,0
DA:184,0
DA:187,0
DA:190,0
DA:193,0
DA:196,0
DA:199,0
DA:202,0
DA:205,0
DA:208,0
DA:211,0
DA:214,0
DA:217,0
DA:220,0
DA:223,0
DA:226,0
DA:229,0
DA:232,0
DA:235,0
DA:238,0
DA:241,0
DA:244,0
DA:247,0
DA:250,0
DA:253,0
DA:256,0
DA:259,0
DA:262,0
DA:265,0
DA:268,0
DA:271,0
DA:274,0
DA:277,0
DA:280,0
DA:284,0
DA:288,0
DA:291,0
DA:294,0
DA:297,0
DA:300,0
DA:303,0
DA:306,0
DA:309,0
DA:313,0
DA:317,0
DA:320,0
DA:323,0
DA:326,0
DA:329,0
DA:332,0
DA:336,0
DA:340,0
DA:341,0
DA:342,0
DA:343,0
DA:347,0
DA:387,0
DA:400,0
DA:413,0
DA:426,0
DA:437,0
DA:451,0
DA:464,0
DA:467,0
LF:123
LH:0
BRDA:94,0,0,0
BRDA:94,0,1,0
BRDA:94,0,2,0
BRDA:94,0,3,0
BRDA:94,0,4,0
BRDA:94,0,5,0
BRDA:110,1,0,0
BRDA:110,1,1,0
BRDA:110,1,2,0
BRDA:110,1,3,0
BRDA:110,1,4,0
BRDA:124,2,0,0
BRDA:124,2,1,0
BRDA:124,2,2,0
BRDA:124,2,3,0
BRDA:124,2,4,0
BRDA:343,3,0,0
BRDA:343,3,1,0
BRDA:347,4,0,0
BRDA:347,4,1,0
BRDA:347,5,0,0
BRDA:347,5,1,0
BRDA:353,6,0,0
BRDA:353,6,1,0
BRDA:353,7,0,0
BRDA:353,7,1,0
BRDA:355,8,0,0
BRDA:355,8,1,0
BRDA:359,9,0,0
BRDA:359,9,1,0
BRDA:359,10,0,0
BRDA:359,10,1,0
BRDA:367,11,0,0
BRDA:367,11,1,0
BRDA:367,12,0,0
BRDA:367,12,1,0
BRDA:369,13,0,0
BRDA:369,13,1,0
BRDA:369,14,0,0
BRDA:369,14,1,0
BRDA:371,15,0,0
BRDA:371,15,1,0
BRDA:371,16,0,0
BRDA:371,16,1,0
BRDA:373,17,0,0
BRDA:373,17,1,0
BRDA:378,18,0,0
BRDA:378,18,1,0
BRDA:387,19,0,0
BRDA:387,19,1,0
BRDA:391,20,0,0
BRDA:391,20,1,0
BRDA:400,21,0,0
BRDA:400,21,1,0
BRDA:404,22,0,0
BRDA:404,22,1,0
BRDA:413,23,0,0
BRDA:413,23,1,0
BRDA:417,24,0,0
BRDA:417,24,1,0
BRDA:426,25,0,0
BRDA:426,25,1,0
BRDA:430,26,0,0
BRDA:430,26,1,0
BRDA:434,27,0,0
BRDA:434,27,1,0
BRDA:434,28,0,0
BRDA:434,28,1,0
BRDA:444,29,0,0
BRDA:444,29,1,0
BRDA:448,30,0,0
BRDA:448,30,1,0
BRDA:448,31,0,0
BRDA:448,31,1,0
BRDA:457,32,0,0
BRDA:457,32,1,0
BRDA:457,33,0,0
BRDA:457,33,1,0
BRDA:464,34,0,0
BRDA:464,34,1,0
BRF:80
BRH:0
end_of_record
TN:
SF:src/views/departments/DepartmentList.vue
FN:27,(anonymous_0)
FN:107,(anonymous_1)
FN:112,(anonymous_2)
FN:115,(anonymous_3)
FN:130,(anonymous_4)
FN:132,(anonymous_5)
FN:137,(anonymous_6)
FN:144,(anonymous_7)
FN:152,(anonymous_8)
FN:155,(anonymous_9)
FN:158,(anonymous_10)
FN:169,(anonymous_11)
FN:186,(anonymous_12)
FN:190,(anonymous_13)
FN:196,(anonymous_14)
FN:209,(anonymous_15)
FN:212,(anonymous_16)
FN:215,(anonymous_17)
FN:229,(anonymous_18)
FN:232,(anonymous_19)
FN:255,(anonymous_20)
FN:259,(anonymous_21)
FN:267,(anonymous_22)
FN:270,(anonymous_23)
FN:283,(anonymous_24)
FN:287,(anonymous_25)
FN:296,(anonymous_26)
FN:492,render
FN:501,(anonymous_28)
FN:509,(anonymous_29)
FN:518,(anonymous_30)
FN:520,(anonymous_31)
FN:521,(anonymous_32)
FN:530,(anonymous_33)
FN:537,(anonymous_34)
FN:546,(anonymous_35)
FN:560,(anonymous_36)
FN:578,(anonymous_37)
FN:588,(anonymous_38)
FN:600,(anonymous_39)
FN:608,(anonymous_40)
FN:611,(anonymous_41)
FN:623,(anonymous_42)
FN:631,(anonymous_43)
FN:664,(anonymous_44)
FNF:45
FNH:0
FNDA:0,(anonymous_0)
FNDA:0,(anonymous_1)
FNDA:0,(anonymous_2)
FNDA:0,(anonymous_3)
FNDA:0,(anonymous_4)
FNDA:0,(anonymous_5)
FNDA:0,(anonymous_6)
FNDA:0,(anonymous_7)
FNDA:0,(anonymous_8)
FNDA:0,(anonymous_9)
FNDA:0,(anonymous_10)
FNDA:0,(anonymous_11)
FNDA:0,(anonymous_12)
FNDA:0,(anonymous_13)
FNDA:0,(anonymous_14)
FNDA:0,(anonymous_15)
FNDA:0,(anonymous_16)
FNDA:0,(anonymous_17)
FNDA:0,(anonymous_18)
FNDA:0,(anonymous_19)
FNDA:0,(anonymous_20)
FNDA:0,(anonymous_21)
FNDA:0,(anonymous_22)
FNDA:0,(anonymous_23)
FNDA:0,(anonymous_24)
FNDA:0,(anonymous_25)
FNDA:0,(anonymous_26)
FNDA:0,render
FNDA:0,(anonymous_28)
FNDA:0,(anonymous_29)
FNDA:0,(anonymous_30)
FNDA:0,(anonymous_31)
FNDA:0,(anonymous_32)
FNDA:0,(anonymous_33)
FNDA:0,(anonymous_34)
FNDA:0,(anonymous_35)
FNDA:0,(anonymous_36)
FNDA:0,(anonymous_37)
FNDA:0,(anonymous_38)
FNDA:0,(anonymous_39)
FNDA:0,(anonymous_40)
FNDA:0,(anonymous_41)
FNDA:0,(anonymous_42)
FNDA:0,(anonymous_43)
FNDA:0,(anonymous_44)
DA:3,0
DA:4,0
DA:7,0
DA:8,0
DA:9,0
DA:10,0
DA:11,0
DA:12,0
DA:13,0
DA:14,0
DA:15,0
DA:16,0
DA:17,0
DA:18,0
DA:19,0
DA:28,0
DA:108,0
DA:109,0
DA:111,0
DA:112,0
DA:116,0
DA:117,0
DA:132,0
DA:133,0
DA:134,0
DA:138,0
DA:139,0
DA:144,0
DA:146,0
DA:147,0
DA:149,0
DA:153,0
DA:159,0
DA:160,0
DA:166,0
DA:167,0
DA:170,0
DA:171,0
DA:178,0
DA:181,0
DA:182,0
DA:184,0
DA:187,0
DA:188,0
DA:193,0
DA:194,0
DA:197,0
DA:198,0
DA:199,0
DA:201,0
DA:204,0
DA:209,0
DA:212,0
DA:213,0
DA:215,0
DA:216,0
DA:223,0
DA:229,0
DA:232,0
DA:235,0
DA:243,0
DA:247,0
DA:249,0
DA:250,0
DA:252,0
DA:256,0
DA:257,0
DA:260,0
DA:261,0
DA:262,0
DA:267,0
DA:270,0
DA:273,0
DA:275,0
DA:276,0
DA:278,0
DA:279,0
DA:280,0
DA:284,0
DA:285,0
DA:289,0
DA:297,0
DA:298,0
DA:299,0
DA:303,0
DA:305,0
DA:308,0
DA:309,0
DA:310,0
DA:313,0
DA:316,0
DA:319,0
DA:322,0
DA:325,0
DA:328,0
DA:331,0
DA:334,0
DA:337,0
DA:340,0
DA:344,0
DA:347,0
DA:350,0
DA:353,0
DA:356,0
DA:363,0
DA:367,0
DA:368,0
DA:369,0
DA:370,0
DA:373,0
DA:376,0
DA:379,0
DA:382,0
DA:385,0
DA:388,0
DA:389,0
DA:393,0
DA:401,0
DA:404,0
DA:407,0
DA:410,0
DA:414,0
DA:417,0
DA:420,0
DA:421,0
DA:424,0
DA:427,0
DA:428,0
DA:431,0
DA:434,0
DA:435,0
DA:441,0
DA:449,0
DA:452,0
DA:455,0
DA:459,0
DA:462,0
DA:465,0
DA:468,0
DA:471,0
DA:474,0
DA:477,0
DA:480,0
DA:483,0
DA:486,0
DA:489,0
DA:493,0
DA:494,0
DA:495,0
DA:496,0
DA:497,0
DA:501,0
DA:509,0
DA:518,0
DA:520,0
DA:522,0
DA:530,0
DA:537,0
DA:546,0
DA:560,0
DA:578,0
DA:588,0
DA:600,0
DA:608,0
DA:612,0
DA:623,0
DA:631,0
DA:664,0
DA:676,0
LF:169
LH:0
BRDA:108,0,0,0
BRDA:108,0,1,0
BRDA:112,1,0,0
BRDA:112,1,1,0
BRDA:112,1,2,0
BRDA:112,1,3,0
BRDA:112,1,4,0
BRDA:112,1,5,0
BRDA:181,2,0,0
BRDA:181,2,1,0
BRDA:204,3,0,0
BRDA:204,3,1,0
BRDA:213,4,0,0
BRDA:213,4,1,0
BRDA:219,5,0,0
BRDA:219,5,1,0
BRDA:238,6,0,0
BRDA:238,6,1,0
BRDA:250,7,0,0
BRDA:250,7,1,0
BRDA:260,8,0,0
BRDA:260,8,1,0
BRDA:297,9,0,0
BRDA:297,9,1,0
BRDA:497,10,0,0
BRDA:497,10,1,0
BRDA:501,11,0,0
BRDA:501,11,1,0
BRDA:501,12,0,0
BRDA:501,12,1,0
BRDA:507,13,0,0
BRDA:507,13,1,0
BRDA:509,14,0,0
BRDA:509,14,1,0
BRDA:509,15,0,0
BRDA:509,15,1,0
BRDA:513,16,0,0
BRDA:513,16,1,0
BRDA:518,17,0,0
BRDA:518,17,1,0
BRDA:520,18,0,0
BRDA:520,18,1,0
BRDA:520,19,0,0
BRDA:520,19,1,0
BRDA:521,20,0,0
BRDA:521,20,1,0
BRDA:534,21,0,0
BRDA:534,21,1,0
BRDA:541,22,0,0
BRDA:541,22,1,0
BRDA:541,23,0,0
BRDA:541,23,1,0
BRDA:550,24,0,0
BRDA:550,24,1,0
BRDA:550,25,0,0
BRDA:550,25,1,0
BRDA:552,26,0,0
BRDA:552,26,1,0
BRDA:554,27,0,0
BRDA:554,27,1,0
BRDA:554,28,0,0
BRDA:554,28,1,0
BRDA:556,29,0,0
BRDA:556,29,1,0
BRDA:556,30,0,0
BRDA:556,30,1,0
BRDA:558,31,0,0
BRDA:558,31,1,0
BRDA:564,32,0,0
BRDA:564,32,1,0
BRDA:565,33,0,0
BRDA:565,33,1,0
BRDA:565,34,0,0
BRDA:565,34,1,0
BRDA:567,35,0,0
BRDA:567,35,1,0
BRDA:567,36,0,0
BRDA:567,36,1,0
BRDA:572,37,0,0
BRDA:572,37,1,0
BRDA:578,38,0,0
BRDA:578,38,1,0
BRDA:578,39,0,0
BRDA:578,39,1,0
BRDA:579,40,0,0
BRDA:579,40,1,0
BRDA:588,41,0,0
BRDA:588,41,1,0
BRDA:591,42,0,0
BRDA:591,42,1,0
BRDA:600,43,0,0
BRDA:600,43,1,0
BRDA:602,44,0,0
BRDA:602,44,1,0
BRDA:608,45,0,0
BRDA:608,45,1,0
BRDA:609,46,0,0
BRDA:609,46,1,0
BRDA:616,47,0,0
BRDA:616,47,1,0
BRDA:623,48,0,0
BRDA:623,48,1,0
BRDA:624,49,0,0
BRDA:624,49,1,0
BRDA:631,50,0,0
BRDA:631,50,1,0
BRDA:631,51,0,0
BRDA:631,51,1,0
BRDA:633,52,0,0
BRDA:633,52,1,0
BRDA:633,53,0,0
BRDA:633,53,1,0
BRDA:633,54,0,0
BRDA:633,54,1,0
BRDA:643,55,0,0
BRDA:643,55,1,0
BRDA:643,56,0,0
BRDA:643,56,1,0
BRDA:645,57,0,0
BRDA:645,57,1,0
BRDA:647,58,0,0
BRDA:647,58,1,0
BRDA:649,59,0,0
BRDA:649,59,1,0
BRDA:649,60,0,0
BRDA:649,60,1,0
BRDA:651,61,0,0
BRDA:651,61,1,0
BRDA:651,62,0,0
BRDA:651,62,1,0
BRDA:653,63,0,0
BRDA:653,63,1,0
BRDA:653,64,0,0
BRDA:653,64,1,0
BRDA:655,65,0,0
BRDA:655,65,1,0
BRDA:657,66,0,0
BRDA:657,66,1,0
BRDA:664,67,0,0
BRDA:664,67,1,0
BRDA:669,68,0,0
BRDA:669,68,1,0
BRDA:669,69,0,0
BRDA:669,69,1,0
BRDA:672,70,0,0
BRDA:672,70,1,0
BRF:146
BRH:0
end_of_record
TN:
SF:src/views/documents/DocumentList.vue
FN:26,(anonymous_0)
FN:127,(anonymous_1)
FN:132,(anonymous_2)
FN:138,(anonymous_3)
FN:144,(anonymous_4)
FN:147,(anonymous_5)
FN:150,(anonymous_6)
FN:153,(anonymous_7)
FN:159,(anonymous_8)
FN:174,(anonymous_9)
FN:176,(anonymous_10)
FN:182,(anonymous_11)
FN:189,(anonymous_12)
FN:197,(anonymous_13)
FN:200,(anonymous_14)
FN:203,(anonymous_15)
FN:206,(anonymous_16)
FN:209,(anonymous_17)
FN:224,(anonymous_18)
FN:239,(anonymous_19)
FN:243,(anonymous_20)
FN:263,(anonymous_21)
FN:282,(anonymous_22)
FN:312,(anonymous_23)
FN:325,(anonymous_24)
FN:328,(anonymous_25)
FN:351,(anonymous_26)
FN:355,(anonymous_27)
FN:363,(anonymous_28)
FN:366,(anonymous_29)
FN:379,(anonymous_30)
FN:383,(anonymous_31)
FN:389,(anonymous_32)
FN:393,(anonymous_33)
FN:394,(anonymous_34)
FN:397,(anonymous_35)
FN:422,(anonymous_36)
FN:427,(anonymous_37)
FN:681,render
FN:690,(anonymous_39)
FN:698,(anonymous_40)
FN:707,(anonymous_41)
FN:709,(anonymous_42)
FN:712,(anonymous_43)
FN:713,(anonymous_44)
FN:716,(anonymous_45)
FN:723,(anonymous_46)
FN:724,(anonymous_47)
FN:733,(anonymous_48)
FN:745,(anonymous_49)
FN:752,(anonymous_50)
FN:759,(anonymous_51)
FN:768,(anonymous_52)
FN:783,(anonymous_53)
FN:806,(anonymous_54)
FN:816,(anonymous_55)
FN:826,(anonymous_56)
FN:830,(anonymous_57)
FN:842,(anonymous_58)
FN:853,(anonymous_59)
FN:862,(anonymous_60)
FN:880,(anonymous_61)
FN:890,(anonymous_62)
FN:900,(anonymous_63)
FN:904,(anonymous_64)
FN:916,(anonymous_65)
FN:924,(anonymous_66)
FN:956,(anonymous_67)
FN:963,(anonymous_68)
FNF:69
FNH:0
FNDA:0,(anonymous_0)
FNDA:0,(anonymous_1)
FNDA:0,(anonymous_2)
FNDA:0,(anonymous_3)
FNDA:0,(anonymous_4)
FNDA:0,(anonymous_5)
FNDA:0,(anonymous_6)
FNDA:0,(anonymous_7)
FNDA:0,(anonymous_8)
FNDA:0,(anonymous_9)
FNDA:0,(anonymous_10)
FNDA:0,(anonymous_11)
FNDA:0,(anonymous_12)
FNDA:0,(anonymous_13)
FNDA:0,(anonymous_14)
FNDA:0,(anonymous_15)
FNDA:0,(anonymous_16)
FNDA:0,(anonymous_17)
FNDA:0,(anonymous_18)
FNDA:0,(anonymous_19)
FNDA:0,(anonymous_20)
FNDA:0,(anonymous_21)
FNDA:0,(anonymous_22)
FNDA:0,(anonymous_23)
FNDA:0,(anonymous_24)
FNDA:0,(anonymous_25)
FNDA:0,(anonymous_26)
FNDA:0,(anonymous_27)
FNDA:0,(anonymous_28)
FNDA:0,(anonymous_29)
FNDA:0,(anonymous_30)
FNDA:0,(anonymous_31)
FNDA:0,(anonymous_32)
FNDA:0,(anonymous_33)
FNDA:0,(anonymous_34)
FNDA:0,(anonymous_35)
FNDA:0,(anonymous_36)
FNDA:0,(anonymous_37)
FNDA:0,render
FNDA:0,(anonymous_39)
FNDA:0,(anonymous_40)
FNDA:0,(anonymous_41)
FNDA:0,(anonymous_42)
FNDA:0,(anonymous_43)
FNDA:0,(anonymous_44)
FNDA:0,(anonymous_45)
FNDA:0,(anonymous_46)
FNDA:0,(anonymous_47)
FNDA:0,(anonymous_48)
FNDA:0,(anonymous_49)
FNDA:0,(anonymous_50)
FNDA:0,(anonymous_51)
FNDA:0,(anonymous_52)
FNDA:0,(anonymous_53)
FNDA:0,(anonymous_54)
FNDA:0,(anonymous_55)
FNDA:0,(anonymous_56)
FNDA:0,(anonymous_57)
FNDA:0,(anonymous_58)
FNDA:0,(anonymous_59)
FNDA:0,(anonymous_60)
FNDA:0,(anonymous_61)
FNDA:0,(anonymous_62)
FNDA:0,(anonymous_63)
FNDA:0,(anonymous_64)
FNDA:0,(anonymous_65)
FNDA:0,(anonymous_66)
FNDA:0,(anonymous_67)
FNDA:0,(anonymous_68)
DA:3,0
DA:4,0
DA:7,0
DA:8,0
DA:9,0
DA:10,0
DA:11,0
DA:12,0
DA:13,0
DA:14,0
DA:15,0
DA:16,0
DA:17,0
DA:18,0
DA:27,0
DA:128,0
DA:131,0
DA:132,0
DA:136,0
DA:137,0
DA:138,0
DA:142,0
DA:144,0
DA:145,0
DA:147,0
DA:148,0
DA:150,0
DA:151,0
DA:153,0
DA:154,0
DA:156,0
DA:160,0
DA:161,0
DA:176,0
DA:177,0
DA:178,0
DA:179,0
DA:183,0
DA:184,0
DA:189,0
DA:191,0
DA:192,0
DA:194,0
DA:198,0
DA:210,0
DA:215,0
DA:216,0
DA:219,0
DA:220,0
DA:222,0
DA:225,0
DA:231,0
DA:234,0
DA:235,0
DA:237,0
DA:240,0
DA:241,0
DA:244,0
DA:245,0
DA:248,0
DA:249,0
DA:250,0
DA:251,0
DA:252,0
DA:254,0
DA:257,0
DA:259,0
DA:260,0
DA:264,0
DA:265,0
DA:266,0
DA:268,0
DA:269,0
DA:270,0
DA:272,0
DA:273,0
DA:274,0
DA:275,0
DA:276,0
DA:282,0
DA:285,0
DA:286,0
DA:298,0
DA:301,0
DA:304,0
DA:306,0
DA:307,0
DA:309,0
DA:313,0
DA:314,0
DA:315,0
DA:317,0
DA:325,0
DA:328,0
DA:329,0
DA:330,0
DA:340,0
DA:343,0
DA:345,0
DA:346,0
DA:348,0
DA:352,0
DA:353,0
DA:356,0
DA:357,0
DA:358,0
DA:363,0
DA:366,0
DA:369,0
DA:371,0
DA:372,0
DA:374,0
DA:375,0
DA:376,0
DA:380,0
DA:381,0
DA:386,0
DA:389,0
DA:390,0
DA:394,0
DA:395,0
DA:398,0
DA:400,0
DA:403,0
DA:406,0
DA:409,0
DA:414,0
DA:417,0
DA:419,0
DA:423,0
DA:424,0
DA:425,0
DA:428,0
DA:429,0
DA:430,0
DA:431,0
DA:432,0
DA:436,0
DA:438,0
DA:441,0
DA:442,0
DA:443,0
DA:446,0
DA:449,0
DA:452,0
DA:455,0
DA:458,0
DA:461,0
DA:464,0
DA:467,0
DA:470,0
DA:473,0
DA:474,0
DA:477,0
DA:480,0
DA:484,0
DA:487,0
DA:490,0
DA:493,0
DA:496,0
DA:503,0
DA:507,0
DA:508,0
DA:509,0
DA:510,0
DA:511,0
DA:514,0
DA:517,0
DA:520,0
DA:523,0
DA:526,0
DA:529,0
DA:532,0
DA:535,0
DA:538,0
DA:541,0
DA:544,0
DA:545,0
DA:549,0
DA:557,0
DA:560,0
DA:563,0
DA:566,0
DA:569,0
DA:572,0
DA:573,0
DA:576,0
DA:579,0
DA:582,0
DA:586,0
DA:589,0
DA:590,0
DA:596,0
DA:604,0
DA:607,0
DA:610,0
DA:613,0
DA:616,0
DA:619,0
DA:620,0
DA:623,0
DA:626,0
DA:627,0
DA:633,0
DA:641,0
DA:644,0
DA:647,0
DA:651,0
DA:654,0
DA:657,0
DA:660,0
DA:663,0
DA:666,0
DA:669,0
DA:672,0
DA:675,0
DA:678,0
DA:682,0
DA:683,0
DA:684,0
DA:685,0
DA:686,0
DA:690,0
DA:698,0
DA:707,0
DA:709,0
DA:712,0
DA:713,0
DA:717,0
DA:723,0
DA:724,0
DA:734,0
DA:745,0
DA:752,0
DA:759,0
DA:768,0
DA:783,0
DA:806,0
DA:816,0
DA:826,0
DA:831,0
DA:842,0
DA:853,0
DA:862,0
DA:880,0
DA:890,0
DA:900,0
DA:905,0
DA:916,0
DA:924,0
DA:956,0
DA:963,0
DA:975,0
LF:253
LH:0
BRDA:131,0,0,0
BRDA:131,0,1,0
BRDA:136,1,0,0
BRDA:136,1,1,0
BRDA:138,2,0,0
BRDA:138,2,1,0
BRDA:138,2,2,0
BRDA:138,2,3,0
BRDA:138,2,4,0
BRDA:142,3,0,0
BRDA:142,3,1,0
BRDA:142,3,2,0
BRDA:142,3,3,0
BRDA:219,4,0,0
BRDA:219,4,1,0
BRDA:234,5,0,0
BRDA:234,5,1,0
BRDA:234,6,0,0
BRDA:234,6,1,0
BRDA:245,7,0,0
BRDA:245,7,1,0
BRDA:248,8,0,0
BRDA:248,8,1,0
BRDA:257,9,0,0
BRDA:257,9,1,0
BRDA:264,10,0,0
BRDA:264,10,1,0
BRDA:276,11,0,0
BRDA:276,11,1,0
BRDA:329,12,0,0
BRDA:329,12,1,0
BRDA:356,13,0,0
BRDA:356,13,1,0
BRDA:395,14,0,0
BRDA:395,14,1,0
BRDA:398,15,0,0
BRDA:398,15,1,0
BRDA:398,15,2,0
BRDA:398,15,3,0
BRDA:398,15,4,0
BRDA:398,15,5,0
BRDA:398,15,6,0
BRDA:398,15,7,0
BRDA:398,15,8,0
BRDA:398,15,9,0
BRDA:398,15,10,0
BRDA:398,15,11,0
BRDA:398,15,12,0
BRDA:398,15,13,0
BRDA:423,16,0,0
BRDA:423,16,1,0
BRDA:428,17,0,0
BRDA:428,17,1,0
BRDA:686,18,0,0
BRDA:686,18,1,0
BRDA:690,19,0,0
BRDA:690,19,1,0
BRDA:690,20,0,0
BRDA:690,20,1,0
BRDA:696,21,0,0
BRDA:696,21,1,0
BRDA:698,22,0,0
BRDA:698,22,1,0
BRDA:698,23,0,0
BRDA:698,23,1,0
BRDA:702,24,0,0
BRDA:702,24,1,0
BRDA:707,25,0,0
BRDA:707,25,1,0
BRDA:709,26,0,0
BRDA:709,26,1,0
BRDA:709,27,0,0
BRDA:709,27,1,0
BRDA:712,28,0,0
BRDA:712,28,1,0
BRDA:713,29,0,0
BRDA:713,29,1,0
BRDA:713,30,0,0
BRDA:713,30,1,0
BRDA:714,31,0,0
BRDA:714,31,1,0
BRDA:723,32,0,0
BRDA:723,32,1,0
BRDA:724,33,0,0
BRDA:724,33,1,0
BRDA:724,34,0,0
BRDA:724,34,1,0
BRDA:725,35,0,0
BRDA:725,35,1,0
BRDA:733,36,0,0
BRDA:733,36,1,0
BRDA:749,37,0,0
BRDA:749,37,1,0
BRDA:756,38,0,0
BRDA:756,38,1,0
BRDA:763,39,0,0
BRDA:763,39,1,0
BRDA:763,40,0,0
BRDA:763,40,1,0
BRDA:772,41,0,0
BRDA:772,41,1,0
BRDA:781,42,0,0
BRDA:781,42,1,0
BRDA:787,43,0,0
BRDA:787,43,1,0
BRDA:788,44,0,0
BRDA:788,44,1,0
BRDA:788,45,0,0
BRDA:788,45,1,0
BRDA:790,46,0,0
BRDA:790,46,1,0
BRDA:800,47,0,0
BRDA:800,47,1,0
BRDA:806,48,0,0
BRDA:806,48,1,0
BRDA:806,49,0,0
BRDA:806,49,1,0
BRDA:807,50,0,0
BRDA:807,50,1,0
BRDA:816,51,0,0
BRDA:816,51,1,0
BRDA:818,52,0,0
BRDA:818,52,1,0
BRDA:826,53,0,0
BRDA:826,53,1,0
BRDA:828,54,0,0
BRDA:828,54,1,0
BRDA:835,55,0,0
BRDA:835,55,1,0
BRDA:842,56,0,0
BRDA:842,56,1,0
BRDA:843,57,0,0
BRDA:843,57,1,0
BRDA:853,58,0,0
BRDA:853,58,1,0
BRDA:853,59,0,0
BRDA:853,59,1,0
BRDA:855,60,0,0
BRDA:855,60,1,0
BRDA:855,61,0,0
BRDA:855,61,1,0
BRDA:862,62,0,0
BRDA:862,62,1,0
BRDA:862,63,0,0
BRDA:862,63,1,0
BRDA:864,64,0,0
BRDA:864,64,1,0
BRDA:864,65,0,0
BRDA:864,65,1,0
BRDA:864,66,0,0
BRDA:864,66,1,0
BRDA:874,67,0,0
BRDA:874,67,1,0
BRDA:880,68,0,0
BRDA:880,68,1,0
BRDA:880,69,0,0
BRDA:880,69,1,0
BRDA:881,70,0,0
BRDA:881,70,1,0
BRDA:890,71,0,0
BRDA:890,71,1,0
BRDA:892,72,0,0
BRDA:892,72,1,0
BRDA:900,73,0,0
BRDA:900,73,1,0
BRDA:902,74,0,0
BRDA:902,74,1,0
BRDA:909,75,0,0
BRDA:909,75,1,0
BRDA:916,76,0,0
BRDA:916,76,1,0
BRDA:917,77,0,0
BRDA:917,77,1,0
BRDA:924,78,0,0
BRDA:924,78,1,0
BRDA:924,79,0,0
BRDA:924,79,1,0
BRDA:926,80,0,0
BRDA:926,80,1,0
BRDA:926,81,0,0
BRDA:926,81,1,0
BRDA:926,82,0,0
BRDA:926,82,1,0
BRDA:936,83,0,0
BRDA:936,83,1,0
BRDA:939,84,0,0
BRDA:939,84,1,0
BRDA:941,85,0,0
BRDA:941,85,1,0
BRDA:941,86,0,0
BRDA:941,86,1,0
BRDA:943,87,0,0
BRDA:943,87,1,0
BRDA:945,88,0,0
BRDA:945,88,1,0
BRDA:947,89,0,0
BRDA:947,89,1,0
BRDA:949,90,0,0
BRDA:949,90,1,0
BRDA:956,91,0,0
BRDA:956,91,1,0
BRDA:960,92,0,0
BRDA:960,92,1,0
BRDA:963,93,0,0
BRDA:963,93,1,0
BRDA:968,94,0,0
BRDA:968,94,1,0
BRDA:968,95,0,0
BRDA:968,95,1,0
BRDA:971,96,0,0
BRDA:971,96,1,0
BRF:211
BRH:0
end_of_record
TN:
SF:src/views/employees/EmployeeDetail.vue
FN:17,(anonymous_0)
FN:55,(anonymous_1)
FN:59,(anonymous_2)
FN:66,(anonymous_3)
FN:74,(anonymous_4)
FN:84,(anonymous_5)
FN:87,(anonymous_6)
FN:92,(anonymous_7)
FN:104,(anonymous_8)
FN:404,render
FN:412,(anonymous_10)
FN:422,(anonymous_11)
FN:431,(anonymous_12)
FNF:13
FNH:0
FNDA:0,(anonymous_0)
FNDA:0,(anonymous_1)
FNDA:0,(anonymous_2)
FNDA:0,(anonymous_3)
FNDA:0,(anonymous_4)
FNDA:0,(anonymous_5)
FNDA:0,(anonymous_6)
FNDA:0,(anonymous_7)
FNDA:0,(anonymous_8)
FNDA:0,render
FNDA:0,(anonymous_10)
FNDA:0,(anonymous_11)
FNDA:0,(anonymous_12)
DA:3,0
DA:4,0
DA:7,0
DA:8,0
DA:9,0
DA:10,0
DA:11,0
DA:18,0
DA:56,0
DA:60,0
DA:67,0
DA:68,0
DA:74,0
DA:78,0
DA:79,0
DA:81,0
DA:85,0
DA:88,0
DA:89,0
DA:90,0
DA:93,0
DA:95,0
DA:97,0
DA:99,0
DA:101,0
DA:105,0
DA:107,0
DA:109,0
DA:111,0
DA:113,0
DA:118,0
DA:120,0
DA:123,0
DA:124,0
DA:125,0
DA:128,0
DA:131,0
DA:134,0
DA:137,0
DA:141,0
DA:144,0
DA:147,0
DA:150,0
DA:153,0
DA:154,0
DA:158,0
DA:161,0
DA:164,0
DA:167,0
DA:170,0
DA:173,0
DA:176,0
DA:179,0
DA:182,0
DA:185,0
DA:188,0
DA:191,0
DA:194,0
DA:197,0
DA:200,0
DA:203,0
DA:206,0
DA:209,0
DA:212,0
DA:215,0
DA:218,0
DA:221,0
DA:224,0
DA:227,0
DA:230,0
DA:233,0
DA:236,0
DA:239,0
DA:242,0
DA:245,0
DA:248,0
DA:251,0
DA:254,0
DA:257,0
DA:260,0
DA:263,0
DA:266,0
DA:269,0
DA:272,0
DA:275,0
DA:278,0
DA:281,0
DA:284,0
DA:287,0
DA:290,0
DA:293,0
DA:296,0
DA:299,0
DA:302,0
DA:305,0
DA:308,0
DA:311,0
DA:314,0
DA:317,0
DA:320,0
DA:323,0
DA:326,0
DA:329,0
DA:332,0
DA:335,0
DA:338,0
DA:341,0
DA:344,0
DA:347,0
DA:350,0
DA:353,0
DA:356,0
DA:359,0
DA:362,0
DA:365,0
DA:368,0
DA:371,0
DA:374,0
DA:377,0
DA:380,0
DA:383,0
DA:386,0
DA:389,0
DA:392,0
DA:395,0
DA:398,0
DA:401,0
DA:405,0
DA:406,0
DA:407,0
DA:408,0
DA:412,0
DA:422,0
DA:431,0
DA:515,0
LF:135
LH:0
BRDA:88,0,0,0
BRDA:88,0,1,0
BRDA:93,1,0,0
BRDA:93,1,1,0
BRDA:93,1,2,0
BRDA:93,1,3,0
BRDA:105,2,0,0
BRDA:105,2,1,0
BRDA:105,2,2,0
BRDA:105,2,3,0
BRDA:408,3,0,0
BRDA:408,3,1,0
BRDA:412,4,0,0
BRDA:412,4,1,0
BRDA:412,5,0,0
BRDA:412,5,1,0
BRDA:418,6,0,0
BRDA:418,6,1,0
BRDA:425,7,0,0
BRDA:425,7,1,0
BRDA:434,8,0,0
BRDA:434,8,1,0
BRDA:436,9,0,0
BRDA:436,9,1,0
BRDA:436,10,0,0
BRDA:436,10,1,0
BRDA:447,11,0,0
BRDA:447,11,1,0
BRDA:447,12,0,0
BRDA:447,12,1,0
BRDA:450,13,0,0
BRDA:450,13,1,0
BRDA:450,14,0,0
BRDA:450,14,1,0
BRDA:453,15,0,0
BRDA:453,15,1,0
BRDA:453,16,0,0
BRDA:453,16,1,0
BRDA:456,17,0,0
BRDA:456,17,1,0
BRDA:456,18,0,0
BRDA:456,18,1,0
BRDA:459,19,0,0
BRDA:459,19,1,0
BRDA:459,20,0,0
BRDA:459,20,1,0
BRDA:462,21,0,0
BRDA:462,21,1,0
BRDA:462,22,0,0
BRDA:462,22,1,0
BRDA:462,23,0,0
BRDA:462,23,1,0
BRDA:466,24,0,0
BRDA:466,24,1,0
BRDA:472,25,0,0
BRDA:472,25,1,0
BRDA:476,26,0,0
BRDA:476,26,1,0
BRDA:478,27,0,0
BRDA:478,27,1,0
BRDA:478,28,0,0
BRDA:478,28,1,0
BRDA:480,29,0,0
BRDA:480,29,1,0
BRDA:480,30,0,0
BRDA:480,30,1,0
BRDA:482,31,0,0
BRDA:482,31,1,0
BRDA:482,32,0,0
BRDA:482,32,1,0
BRDA:484,33,0,0
BRDA:484,33,1,0
BRDA:484,34,0,0
BRDA:484,34,1,0
BRDA:486,35,0,0
BRDA:486,35,1,0
BRDA:486,36,0,0
BRDA:486,36,1,0
BRDA:488,37,0,0
BRDA:488,37,1,0
BRDA:488,38,0,0
BRDA:488,38,1,0
BRDA:490,39,0,0
BRDA:490,39,1,0
BRDA:490,40,0,0
BRDA:490,40,1,0
BRDA:492,41,0,0
BRDA:492,41,1,0
BRDA:492,42,0,0
BRDA:492,42,1,0
BRDA:496,43,0,0
BRDA:496,43,1,0
BRDA:498,44,0,0
BRDA:498,44,1,0
BRDA:498,45,0,0
BRDA:498,45,1,0
BRDA:500,46,0,0
BRDA:500,46,1,0
BRDA:500,47,0,0
BRDA:500,47,1,0
BRDA:502,48,0,0
BRDA:502,48,1,0
BRDA:502,49,0,0
BRDA:502,49,1,0
BRDA:504,50,0,0
BRDA:504,50,1,0
BRDA:504,51,0,0
BRDA:504,51,1,0
BRDA:508,52,0,0
BRDA:508,52,1,0
BRDA:510,53,0,0
BRDA:510,53,1,0
BRDA:510,54,0,0
BRDA:510,54,1,0
BRDA:512,55,0,0
BRDA:512,55,1,0
BRDA:512,56,0,0
BRDA:512,56,1,0
BRDA:514,57,0,0
BRDA:514,57,1,0
BRF:120
BRH:0
end_of_record
TN:
SF:src/views/employees/EmployeeForm.vue
FN:20,(anonymous_0)
FN:90,(anonymous_1)
FN:93,(anonymous_2)
FN:97,(anonymous_3)
FN:115,(anonymous_4)
FN:123,(anonymous_5)
FN:163,(anonymous_6)
FN:169,(anonymous_7)
FN:172,(anonymous_8)
FN:191,(anonymous_9)
FN:196,(anonymous_10)
FN:199,(anonymous_11)
FN:225,(anonymous_12)
FN:232,(anonymous_13)
FN:236,(anonymous_14)
FN:434,render
FN:443,(anonymous_16)
FN:459,(anonymous_17)
FN:470,(anonymous_18)
FN:481,(anonymous_19)
FN:498,(anonymous_20)
FN:509,(anonymous_21)
FN:520,(anonymous_22)
FN:529,(anonymous_23)
FN:537,(anonymous_24)
FN:544,(anonymous_25)
FN:559,(anonymous_26)
FN:570,(anonymous_27)
FN:578,(anonymous_28)
FN:586,(anonymous_29)
FN:597,(anonymous_30)
FN:602,(anonymous_31)
FN:614,(anonymous_32)
FN:619,(anonymous_33)
FN:632,(anonymous_34)
FN:643,(anonymous_35)
FN:652,(anonymous_36)
FN:660,(anonymous_37)
FN:670,(anonymous_38)
FN:678,(anonymous_39)
FN:686,(anonymous_40)
FN:703,(anonymous_41)
FN:712,(anonymous_42)
FN:721,(anonymous_43)
FN:733,(anonymous_44)
FN:744,(anonymous_45)
FN:750,(anonymous_46)
FN:760,(anonymous_47)
FN:779,(anonymous_48)
FNF:49
FNH:0
FNDA:0,(anonymous_0)
FNDA:0,(anonymous_1)
FNDA:0,(anonymous_2)
FNDA:0,(anonymous_3)
FNDA:0,(anonymous_4)
FNDA:0,(anonymous_5)
FNDA:0,(anonymous_6)
FNDA:0,(anonymous_7)
FNDA:0,(anonymous_8)
FNDA:0,(anonymous_9)
FNDA:0,(anonymous_10)
FNDA:0,(anonymous_11)
FNDA:0,(anonymous_12)
FNDA:0,(anonymous_13)
FNDA:0,(anonymous_14)
FNDA:0,render
FNDA:0,(anonymous_16)
FNDA:0,(anonymous_17)
FNDA:0,(anonymous_18)
FNDA:0,(anonymous_19)
FNDA:0,(anonymous_20)
FNDA:0,(anonymous_21)
FNDA:0,(anonymous_22)
FNDA:0,(anonymous_23)
FNDA:0,(anonymous_24)
FNDA:0,(anonymous_25)
FNDA:0,(anonymous_26)
FNDA:0,(anonymous_27)
FNDA:0,(anonymous_28)
FNDA:0,(anonymous_29)
FNDA:0,(anonymous_30)
FNDA:0,(anonymous_31)
FNDA:0,(anonymous_32)
FNDA:0,(anonymous_33)
FNDA:0,(anonymous_34)
FNDA:0,(anonymous_35)
FNDA:0,(anonymous_36)
FNDA:0,(anonymous_37)
FNDA:0,(anonymous_38)
FNDA:0,(anonymous_39)
FNDA:0,(anonymous_40)
FNDA:0,(anonymous_41)
FNDA:0,(anonymous_42)
FNDA:0,(anonymous_43)
FNDA:0,(anonymous_44)
FNDA:0,(anonymous_45)
FNDA:0,(anonymous_46)
FNDA:0,(anonymous_47)
FNDA:0,(anonymous_48)
DA:3,0
DA:4,0
DA:7,0
DA:8,0
DA:9,0
DA:10,0
DA:11,0
DA:12,0
DA:13,0
DA:21,0
DA:91,0
DA:94,0
DA:98,0
DA:99,0
DA:102,0
DA:116,0
DA:117,0
DA:123,0
DA:126,0
DA:153,0
DA:154,0
DA:157,0
DA:158,0
DA:160,0
DA:166,0
DA:167,0
DA:170,0
DA:173,0
DA:174,0
DA:177,0
DA:178,0
DA:179,0
DA:183,0
DA:184,0
DA:185,0
DA:187,0
DA:190,0
DA:191,0
DA:192,0
DA:194,0
DA:197,0
DA:200,0
DA:201,0
DA:202,0
DA:203,0
DA:205,0
DA:210,0
DA:211,0
DA:215,0
DA:218,0
DA:220,0
DA:225,0
DA:226,0
DA:232,0
DA:233,0
DA:236,0
DA:237,0
DA:241,0
DA:242,0
DA:244,0
DA:249,0
DA:251,0
DA:254,0
DA:255,0
DA:256,0
DA:259,0
DA:262,0
DA:265,0
DA:268,0
DA:271,0
DA:275,0
DA:278,0
DA:281,0
DA:284,0
DA:287,0
DA:290,0
DA:291,0
DA:294,0
DA:297,0
DA:300,0
DA:303,0
DA:306,0
DA:309,0
DA:312,0
DA:315,0
DA:318,0
DA:321,0
DA:324,0
DA:327,0
DA:330,0
DA:333,0
DA:336,0
DA:339,0
DA:342,0
DA:343,0
DA:346,0
DA:347,0
DA:350,0
DA:353,0
DA:356,0
DA:359,0
DA:362,0
DA:365,0
DA:368,0
DA:371,0
DA:374,0
DA:377,0
DA:380,0
DA:383,0
DA:386,0
DA:389,0
DA:390,0
DA:394,0
DA:397,0
DA:400,0
DA:403,0
DA:406,0
DA:409,0
DA:412,0
DA:413,0
DA:416,0
DA:419,0
DA:420,0
DA:423,0
DA:424,0
DA:427,0
DA:428,0
DA:435,0
DA:436,0
DA:437,0
DA:438,0
DA:439,0
DA:443,0
DA:459,0
DA:470,0
DA:481,0
DA:498,0
DA:509,0
DA:520,0
DA:529,0
DA:537,0
DA:544,0
DA:559,0
DA:570,0
DA:578,0
DA:586,0
DA:597,0
DA:603,0
DA:614,0
DA:620,0
DA:632,0
DA:643,0
DA:652,0
DA:660,0
DA:670,0
DA:678,0
DA:686,0
DA:703,0
DA:712,0
DA:721,0
DA:733,0
DA:744,0
DA:750,0
DA:760,0
DA:779,0
DA:782,0
LF:166
LH:0
BRDA:94,0,0,0
BRDA:94,0,1,0
BRDA:98,1,0,0
BRDA:98,1,1,0
BRDA:153,2,0,0
BRDA:153,2,1,0
BRDA:174,3,0,0
BRDA:174,3,1,0
BRDA:177,4,0,0
BRDA:177,4,1,0
BRDA:183,5,0,0
BRDA:183,5,1,0
BRDA:210,6,0,0
BRDA:210,6,1,0
BRDA:215,7,0,0
BRDA:215,7,1,0
BRDA:220,8,0,0
BRDA:220,8,1,0
BRDA:242,9,0,0
BRDA:242,9,1,0
BRDA:439,10,0,0
BRDA:439,10,1,0
BRDA:446,11,0,0
BRDA:446,11,1,0
BRDA:448,12,0,0
BRDA:448,12,1,0
BRDA:448,13,0,0
BRDA:448,13,1,0
BRDA:453,14,0,0
BRDA:453,14,1,0
BRDA:459,15,0,0
BRDA:459,15,1,0
BRDA:459,16,0,0
BRDA:459,16,1,0
BRDA:460,17,0,0
BRDA:460,17,1,0
BRDA:462,18,0,0
BRDA:462,18,1,0
BRDA:470,19,0,0
BRDA:470,19,1,0
BRDA:474,20,0,0
BRDA:474,20,1,0
BRDA:481,21,0,0
BRDA:481,21,1,0
BRDA:484,22,0,0
BRDA:484,22,1,0
BRDA:490,23,0,0
BRDA:490,23,1,0
BRDA:498,24,0,0
BRDA:498,24,1,0
BRDA:501,25,0,0
BRDA:501,25,1,0
BRDA:509,26,0,0
BRDA:509,26,1,0
BRDA:512,27,0,0
BRDA:512,27,1,0
BRDA:520,28,0,0
BRDA:520,28,1,0
BRDA:523,29,0,0
BRDA:523,29,1,0
BRDA:529,30,0,0
BRDA:529,30,1,0
BRDA:531,31,0,0
BRDA:531,31,1,0
BRDA:537,32,0,0
BRDA:537,32,1,0
BRDA:539,33,0,0
BRDA:539,33,1,0
BRDA:544,34,0,0
BRDA:544,34,1,0
BRDA:546,35,0,0
BRDA:546,35,1,0
BRDA:554,36,0,0
BRDA:554,36,1,0
BRDA:559,37,0,0
BRDA:559,37,1,0
BRDA:562,38,0,0
BRDA:562,38,1,0
BRDA:564,39,0,0
BRDA:564,39,1,0
BRDA:570,40,0,0
BRDA:570,40,1,0
BRDA:572,41,0,0
BRDA:572,41,1,0
BRDA:578,42,0,0
BRDA:578,42,1,0
BRDA:580,43,0,0
BRDA:580,43,1,0
BRDA:586,44,0,0
BRDA:586,44,1,0
BRDA:588,45,0,0
BRDA:588,45,1,0
BRDA:590,46,0,0
BRDA:590,46,1,0
BRDA:597,47,0,0
BRDA:597,47,1,0
BRDA:600,48,0,0
BRDA:600,48,1,0
BRDA:607,49,0,0
BRDA:607,49,1,0
BRDA:614,50,0,0
BRDA:614,50,1,0
BRDA:617,51,0,0
BRDA:617,51,1,0
BRDA:624,52,0,0
BRDA:624,52,1,0
BRDA:632,53,0,0
BRDA:632,53,1,0
BRDA:635,54,0,0
BRDA:635,54,1,0
BRDA:643,55,0,0
BRDA:643,55,1,0
BRDA:646,56,0,0
BRDA:646,56,1,0
BRDA:652,57,0,0
BRDA:652,57,1,0
BRDA:654,58,0,0
BRDA:654,58,1,0
BRDA:660,59,0,0
BRDA:660,59,1,0
BRDA:662,60,0,0
BRDA:662,60,1,0
BRDA:664,61,0,0
BRDA:664,61,1,0
BRDA:670,62,0,0
BRDA:670,62,1,0
BRDA:672,63,0,0
BRDA:672,63,1,0
BRDA:678,64,0,0
BRDA:678,64,1,0
BRDA:680,65,0,0
BRDA:680,65,1,0
BRDA:686,66,0,0
BRDA:686,66,1,0
BRDA:688,67,0,0
BRDA:688,67,1,0
BRDA:692,68,0,0
BRDA:692,68,1,0
BRDA:703,69,0,0
BRDA:703,69,1,0
BRDA:703,70,0,0
BRDA:703,70,1,0
BRDA:707,71,0,0
BRDA:707,71,1,0
BRDA:712,72,0,0
BRDA:712,72,1,0
BRDA:712,73,0,0
BRDA:712,73,1,0
BRDA:713,74,0,0
BRDA:713,74,1,0
BRDA:721,75,0,0
BRDA:721,75,1,0
BRDA:722,76,0,0
BRDA:722,76,1,0
BRDA:725,77,0,0
BRDA:725,77,1,0
BRDA:725,78,0,0
BRDA:725,78,1,0
BRDA:733,79,0,0
BRDA:733,79,1,0
BRDA:736,80,0,0
BRDA:736,80,1,0
BRDA:742,81,0,0
BRDA:742,81,1,0
BRDA:744,82,0,0
BRDA:744,82,1,0
BRDA:750,83,0,0
BRDA:750,83,1,0
BRDA:750,84,0,0
BRDA:750,84,1,0
BRDA:752,85,0,0
BRDA:752,85,1,0
BRDA:753,86,0,0
BRDA:753,86,1,0
BRDA:760,87,0,0
BRDA:760,87,1,0
BRDA:763,88,0,0
BRDA:763,88,1,0
BRDA:775,89,0,0
BRDA:775,89,1,0
BRDA:775,90,0,0
BRDA:775,90,1,0
BRDA:779,91,0,0
BRDA:779,91,1,0
BRF:184
BRH:0
end_of_record
TN:
SF:src/views/employees/EmployeeList.vue
FN:23,(anonymous_0)
FN:148,(anonymous_1)
FN:154,(anonymous_2)
FN:159,(anonymous_3)
FN:164,(anonymous_4)
FN:169,(anonymous_5)
FN:173,(anonymous_6)
FN:190,(anonymous_7)
FN:195,(anonymous_8)
FN:198,(anonymous_9)
FN:220,(anonymous_10)
FN:229,(anonymous_11)
FN:237,(anonymous_12)
FN:244,(anonymous_13)
FN:251,(anonymous_14)
FN:254,(anonymous_15)
FN:257,(anonymous_16)
FN:260,(anonymous_17)
FN:270,(anonymous_18)
FN:275,(anonymous_19)
FN:280,(anonymous_20)
FN:292,(anonymous_21)
FN:296,(anonymous_22)
FN:304,(anonymous_23)
FN:307,(anonymous_24)
FN:320,(anonymous_25)
FN:418,render
FN:427,(anonymous_27)
FN:437,(anonymous_28)
FN:447,(anonymous_29)
FN:449,(anonymous_30)
FN:452,(anonymous_31)
FN:453,(anonymous_32)
FN:456,(anonymous_33)
FN:463,(anonymous_34)
FN:464,(anonymous_35)
FN:467,(anonymous_36)
FN:474,(anonymous_37)
FN:475,(anonymous_38)
FN:486,(anonymous_39)
FN:493,(anonymous_40)
FN:506,(anonymous_41)
FN:521,(anonymous_42)
FN:542,(anonymous_43)
FN:551,(anonymous_44)
FN:558,(anonymous_45)
FN:569,(anonymous_46)
FN:579,(anonymous_47)
FN:582,(anonymous_48)
FN:591,(anonymous_49)
FN:600,(anonymous_50)
FN:610,(anonymous_51)
FNF:52
FNH:0
FNDA:0,(anonymous_0)
FNDA:0,(anonymous_1)
FNDA:0,(anonymous_2)
FNDA:0,(anonymous_3)
FNDA:0,(anonymous_4)
FNDA:0,(anonymous_5)
FNDA:0,(anonymous_6)
FNDA:0,(anonymous_7)
FNDA:0,(anonymous_8)
FNDA:0,(anonymous_9)
FNDA:0,(anonymous_10)
FNDA:0,(anonymous_11)
FNDA:0,(anonymous_12)
FNDA:0,(anonymous_13)
FNDA:0,(anonymous_14)
FNDA:0,(anonymous_15)
FNDA:0,(anonymous_16)
FNDA:0,(anonymous_17)
FNDA:0,(anonymous_18)
FNDA:0,(anonymous_19)
FNDA:0,(anonymous_20)
FNDA:0,(anonymous_21)
FNDA:0,(anonymous_22)
FNDA:0,(anonymous_23)
FNDA:0,(anonymous_24)
FNDA:0,(anonymous_25)
FNDA:0,render
FNDA:0,(anonymous_27)
FNDA:0,(anonymous_28)
FNDA:0,(anonymous_29)
FNDA:0,(anonymous_30)
FNDA:0,(anonymous_31)
FNDA:0,(anonymous_32)
FNDA:0,(anonymous_33)
FNDA:0,(anonymous_34)
FNDA:0,(anonymous_35)
FNDA:0,(anonymous_36)
FNDA:0,(anonymous_37)
FNDA:0,(anonymous_38)
FNDA:0,(anonymous_39)
FNDA:0,(anonymous_40)
FNDA:0,(anonymous_41)
FNDA:0,(anonymous_42)
FNDA:0,(anonymous_43)
FNDA:0,(anonymous_44)
FNDA:0,(anonymous_45)
FNDA:0,(anonymous_46)
FNDA:0,(anonymous_47)
FNDA:0,(anonymous_48)
FNDA:0,(anonymous_49)
FNDA:0,(anonymous_50)
FNDA:0,(anonymous_51)
DA:3,0
DA:4,0
DA:7,0
DA:8,0
DA:9,0
DA:10,0
DA:11,0
DA:12,0
DA:13,0
DA:14,0
DA:15,0
DA:16,0
DA:24,0
DA:149,0
DA:152,0
DA:153,0
DA:154,0
DA:158,0
DA:159,0
DA:163,0
DA:164,0
DA:168,0
DA:169,0
DA:173,0
DA:174,0
DA:175,0
DA:178,0
DA:179,0
DA:180,0
DA:182,0
DA:183,0
DA:185,0
DA:188,0
DA:191,0
DA:192,0
DA:193,0
DA:196,0
DA:199,0
DA:200,0
DA:201,0
DA:203,0
DA:204,0
DA:208,0
DA:209,0
DA:210,0
DA:211,0
DA:212,0
DA:214,0
DA:215,0
DA:218,0
DA:221,0
DA:222,0
DA:223,0
DA:230,0
DA:238,0
DA:239,0
DA:244,0
DA:246,0
DA:248,0
DA:252,0
DA:255,0
DA:258,0
DA:261,0
DA:263,0
DA:266,0
DA:267,0
DA:271,0
DA:272,0
DA:276,0
DA:277,0
DA:278,0
DA:281,0
DA:283,0
DA:285,0
DA:287,0
DA:289,0
DA:293,0
DA:294,0
DA:297,0
DA:298,0
DA:299,0
DA:304,0
DA:307,0
DA:310,0
DA:312,0
DA:313,0
DA:315,0
DA:316,0
DA:317,0
DA:321,0
DA:322,0
DA:326,0
DA:328,0
DA:331,0
DA:332,0
DA:333,0
DA:336,0
DA:339,0
DA:342,0
DA:345,0
DA:348,0
DA:351,0
DA:354,0
DA:357,0
DA:360,0
DA:363,0
DA:364,0
DA:367,0
DA:368,0
DA:371,0
DA:374,0
DA:378,0
DA:381,0
DA:384,0
DA:387,0
DA:390,0
DA:393,0
DA:396,0
DA:397,0
DA:401,0
DA:404,0
DA:407,0
DA:408,0
DA:411,0
DA:414,0
DA:417,0
DA:419,0
DA:420,0
DA:421,0
DA:422,0
DA:423,0
DA:427,0
DA:437,0
DA:447,0
DA:449,0
DA:452,0
DA:453,0
DA:457,0
DA:463,0
DA:464,0
DA:468,0
DA:474,0
DA:475,0
DA:486,0
DA:493,0
DA:506,0
DA:522,0
DA:542,0
DA:551,0
DA:558,0
DA:569,0
DA:579,0
DA:583,0
DA:591,0
DA:600,0
DA:610,0
DA:620,0
LF:157
LH:0
BRDA:152,0,0,0
BRDA:152,0,1,0
BRDA:154,1,0,0
BRDA:154,1,1,0
BRDA:154,1,2,0
BRDA:154,1,3,0
BRDA:158,2,0,0
BRDA:158,2,1,0
BRDA:163,3,0,0
BRDA:163,3,1,0
BRDA:168,4,0,0
BRDA:168,4,1,0
BRDA:178,5,0,0
BRDA:178,5,1,0
BRDA:182,6,0,0
BRDA:182,6,1,0
BRDA:183,7,0,0
BRDA:183,7,1,0
BRDA:185,8,0,0
BRDA:185,8,1,0
BRDA:201,9,0,0
BRDA:201,9,1,0
BRDA:210,10,0,0
BRDA:210,10,1,0
BRDA:221,11,0,0
BRDA:221,11,1,0
BRDA:261,12,0,0
BRDA:261,12,1,0
BRDA:263,13,0,0
BRDA:263,13,1,0
BRDA:271,14,0,0
BRDA:271,14,1,0
BRDA:271,15,0,0
BRDA:271,15,1,0
BRDA:276,16,0,0
BRDA:276,16,1,0
BRDA:281,17,0,0
BRDA:281,17,1,0
BRDA:281,17,2,0
BRDA:281,17,3,0
BRDA:297,18,0,0
BRDA:297,18,1,0
BRDA:423,19,0,0
BRDA:423,19,1,0
BRDA:427,20,0,0
BRDA:427,20,1,0
BRDA:427,21,0,0
BRDA:427,21,1,0
BRDA:433,22,0,0
BRDA:433,22,1,0
BRDA:440,23,0,0
BRDA:440,23,1,0
BRDA:447,24,0,0
BRDA:447,24,1,0
BRDA:449,25,0,0
BRDA:449,25,1,0
BRDA:449,26,0,0
BRDA:449,26,1,0
BRDA:452,27,0,0
BRDA:452,27,1,0
BRDA:453,28,0,0
BRDA:453,28,1,0
BRDA:453,29,0,0
BRDA:453,29,1,0
BRDA:454,30,0,0
BRDA:454,30,1,0
BRDA:463,31,0,0
BRDA:463,31,1,0
BRDA:464,32,0,0
BRDA:464,32,1,0
BRDA:464,33,0,0
BRDA:464,33,1,0
BRDA:465,34,0,0
BRDA:465,34,1,0
BRDA:474,35,0,0
BRDA:474,35,1,0
BRDA:475,36,0,0
BRDA:475,36,1,0
BRDA:475,37,0,0
BRDA:475,37,1,0
BRDA:476,38,0,0
BRDA:476,38,1,0
BRDA:484,39,0,0
BRDA:484,39,1,0
BRDA:486,40,0,0
BRDA:486,40,1,0
BRDA:488,41,0,0
BRDA:488,41,1,0
BRDA:488,42,0,0
BRDA:488,42,1,0
BRDA:490,43,0,0
BRDA:490,43,1,0
BRDA:493,44,0,0
BRDA:493,44,1,0
BRDA:495,45,0,0
BRDA:495,45,1,0
BRDA:495,46,0,0
BRDA:495,46,1,0
BRDA:497,47,0,0
BRDA:497,47,1,0
BRDA:498,48,0,0
BRDA:498,48,1,0
BRDA:500,49,0,0
BRDA:500,49,1,0
BRDA:502,50,0,0
BRDA:502,50,1,0
BRDA:506,51,0,0
BRDA:506,51,1,0
BRDA:508,52,0,0
BRDA:508,52,1,0
BRDA:508,53,0,0
BRDA:508,53,1,0
BRDA:510,54,0,0
BRDA:510,54,1,0
BRDA:511,55,0,0
BRDA:511,55,1,0
BRDA:513,56,0,0
BRDA:513,56,1,0
BRDA:516,57,0,0
BRDA:516,57,1,0
BRDA:516,58,0,0
BRDA:516,58,1,0
BRDA:524,59,0,0
BRDA:524,59,1,0
BRDA:569,60,0,0
BRDA:569,60,1,0
BRDA:579,61,0,0
BRDA:579,61,1,0
BRDA:600,62,0,0
BRDA:600,62,1,0
BRDA:610,63,0,0
BRDA:610,63,1,0
BRDA:613,64,0,0
BRDA:613,64,1,0
BRDA:616,65,0,0
BRDA:616,65,1,0
BRF:136
BRH:0
end_of_record
TN:
SF:src/views/errors/NotFound.vue
FN:10,(anonymous_0)
FN:37,render
FN:44,(anonymous_2)
FN:52,(anonymous_3)
FNF:4
FNH:0
FNDA:0,(anonymous_0)
FNDA:0,render
FNDA:0,(anonymous_2)
FNDA:0,(anonymous_3)
DA:3,0
DA:6,0
DA:7,0
DA:11,0
DA:15,0
DA:17,0
DA:20,0
DA:21,0
DA:22,0
DA:25,0
DA:28,0
DA:31,0
DA:34,0
DA:38,0
DA:39,0
DA:40,0
DA:44,0
DA:52,0
DA:58,0
LF:19
LH:0
BRDA:40,0,0,0
BRDA:40,0,1,0
BRDA:44,1,0,0
BRDA:44,1,1,0
BRDA:44,2,0,0
BRDA:44,2,1,0
BRF:6
BRH:0
end_of_record
TN:
SF:src/views/factories/FactoryList.vue
FN:27,(anonymous_0)
FN:101,(anonymous_1)
FN:106,(anonymous_2)
FN:109,(anonymous_3)
FN:124,(anonymous_4)
FN:126,(anonymous_5)
FN:131,(anonymous_6)
FN:138,(anonymous_7)
FN:146,(anonymous_8)
FN:149,(anonymous_9)
FN:152,(anonymous_10)
FN:164,(anonymous_11)
FN:182,(anonymous_12)
FN:186,(anonymous_13)
FN:192,(anonymous_14)
FN:205,(anonymous_15)
FN:208,(anonymous_16)
FN:211,(anonymous_17)
FN:225,(anonymous_18)
FN:228,(anonymous_19)
FN:251,(anonymous_20)
FN:255,(anonymous_21)
FN:263,(anonymous_22)
FN:266,(anonymous_23)
FN:279,(anonymous_24)
FN:283,(anonymous_25)
FN:292,(anonymous_26)
FN:500,render
FN:509,(anonymous_28)
FN:517,(anonymous_29)
FN:526,(anonymous_30)
FN:528,(anonymous_31)
FN:529,(anonymous_32)
FN:538,(anonymous_33)
FN:545,(anonymous_34)
FN:554,(anonymous_35)
FN:570,(anonymous_36)
FN:588,(anonymous_37)
FN:598,(anonymous_38)
FN:610,(anonymous_39)
FN:618,(anonymous_40)
FN:621,(anonymous_41)
FN:633,(anonymous_42)
FN:641,(anonymous_43)
FN:649,(anonymous_44)
FN:684,(anonymous_45)
FNF:46
FNH:0
FNDA:0,(anonymous_0)
FNDA:0,(anonymous_1)
FNDA:0,(anonymous_2)
FNDA:0,(anonymous_3)
FNDA:0,(anonymous_4)
FNDA:0,(anonymous_5)
FNDA:0,(anonymous_6)
FNDA:0,(anonymous_7)
FNDA:0,(anonymous_8)
FNDA:0,(anonymous_9)
FNDA:0,(anonymous_10)
FNDA:0,(anonymous_11)
FNDA:0,(anonymous_12)
FNDA:0,(anonymous_13)
FNDA:0,(anonymous_14)
FNDA:0,(anonymous_15)
FNDA:0,(anonymous_16)
FNDA:0,(anonymous_17)
FNDA:0,(anonymous_18)
FNDA:0,(anonymous_19)
FNDA:0,(anonymous_20)
FNDA:0,(anonymous_21)
[...]
FNDA:0,(anonymous_19)
FNDA:0,(anonymous_20)
FNDA:0,(anonymous_21)
FNDA:0,(anonymous_22)
FNDA:0,(anonymous_23)
FNDA:0,(anonymous_24)
FNDA:0,(anonymous_25)
FNDA:0,(anonymous_26)
FNDA:0,(anonymous_27)
FNDA:0,(anonymous_28)
FNDA:0,(anonymous_29)
FNDA:0,(anonymous_30)
FNDA:0,(anonymous_31)
FNDA:0,(anonymous_32)
FNDA:0,(anonymous_33)
FNDA:0,(anonymous_34)
FNDA:0,render
FNDA:0,(anonymous_36)
FNDA:0,(anonymous_37)
FNDA:0,(anonymous_38)
FNDA:0,(anonymous_39)
FNDA:0,(anonymous_40)
FNDA:0,(anonymous_41)
FNDA:0,(anonymous_42)
FNDA:0,(anonymous_43)
FNDA:0,(anonymous_44)
FNDA:0,(anonymous_45)
FNDA:0,(anonymous_46)
FNDA:0,(anonymous_47)
DA:3,0
DA:4,0
DA:7,0
DA:8,0
DA:9,0
DA:10,0
DA:11,0
DA:12,0
DA:13,0
DA:14,0
DA:15,0
DA:16,0
DA:17,0
DA:18,0
DA:19,0
DA:28,0
DA:138,0
DA:141,0
DA:142,0
DA:146,0
DA:147,0
DA:148,0
DA:149,0
DA:153,0
DA:154,0
DA:155,0
DA:159,0
DA:160,0
DA:163,0
DA:164,0
DA:165,0
DA:168,0
DA:171,0
DA:175,0
DA:187,0
DA:188,0
DA:193,0
DA:195,0
DA:196,0
DA:198,0
DA:202,0
DA:205,0
DA:208,0
DA:211,0
DA:215,0
DA:216,0
DA:220,0
DA:221,0
DA:225,0
DA:226,0
DA:231,0
DA:234,0
DA:235,0
DA:236,0
DA:239,0
DA:240,0
DA:244,0
DA:249,0
DA:252,0
DA:253,0
DA:255,0
DA:257,0
DA:258,0
DA:262,0
DA:263,0
DA:266,0
DA:267,0
DA:272,0
DA:275,0
DA:276,0
DA:278,0
DA:279,0
DA:281,0
DA:282,0
DA:286,0
DA:287,0
DA:290,0
DA:293,0
DA:295,0
DA:297,0
DA:299,0
DA:301,0
DA:303,0
DA:307,0
DA:309,0
DA:311,0
DA:313,0
DA:315,0
DA:317,0
DA:321,0
DA:323,0
DA:325,0
DA:327,0
DA:329,0
DA:331,0
DA:335,0
DA:337,0
DA:339,0
DA:341,0
DA:343,0
DA:345,0
DA:350,0
DA:352,0
DA:355,0
DA:356,0
DA:357,0
DA:360,0
DA:363,0
DA:366,0
DA:367,0
DA:370,0
DA:373,0
DA:376,0
DA:379,0
DA:382,0
DA:385,0
DA:388,0
DA:391,0
DA:394,0
DA:398,0
DA:402,0
DA:405,0
DA:406,0
DA:409,0
DA:412,0
DA:415,0
DA:418,0
DA:421,0
DA:424,0
DA:428,0
DA:431,0
DA:434,0
DA:437,0
DA:440,0
DA:443,0
DA:444,0
DA:445,0
DA:449,0
DA:450,0
DA:451,0
DA:452,0
DA:453,0
DA:457,0
DA:465,0
DA:475,0
DA:477,0
DA:480,0
DA:481,0
DA:484,0
DA:485,0
DA:499,0
DA:504,0
DA:511,0
DA:516,0
DA:532,0
LF:155
LH:0
BRDA:141,0,0,0
BRDA:141,0,1,0
BRDA:146,1,0,0
BRDA:146,1,1,0
BRDA:148,2,0,0
BRDA:148,2,1,0
BRDA:153,3,0,0
BRDA:153,3,1,0
BRDA:155,4,0,0
BRDA:155,4,1,0
BRDA:215,5,0,0
BRDA:215,5,1,0
BRDA:220,6,0,0
BRDA:220,6,1,0
BRDA:225,7,0,0
BRDA:225,7,1,0
BRDA:235,8,0,0
BRDA:235,8,1,0
BRDA:266,9,0,0
BRDA:266,9,1,0
BRDA:293,10,0,0
BRDA:293,10,1,0
BRDA:293,10,2,0
BRDA:293,10,3,0
BRDA:293,10,4,0
BRDA:307,11,0,0
BRDA:307,11,1,0
BRDA:307,11,2,0
BRDA:307,11,3,0
BRDA:307,11,4,0
BRDA:321,12,0,0
BRDA:321,12,1,0
BRDA:321,12,2,0
BRDA:321,12,3,0
BRDA:321,12,4,0
BRDA:335,13,0,0
BRDA:335,13,1,0
BRDA:335,13,2,0
BRDA:335,13,3,0
BRDA:335,13,4,0
BRDA:453,14,0,0
BRDA:453,14,1,0
BRDA:457,15,0,0
BRDA:457,15,1,0
BRDA:457,16,0,0
BRDA:457,16,1,0
BRDA:463,17,0,0
BRDA:463,17,1,0
BRDA:465,18,0,0
BRDA:465,18,1,0
BRDA:465,19,0,0
BRDA:465,19,1,0
BRDA:470,20,0,0
BRDA:470,20,1,0
BRDA:475,21,0,0
BRDA:475,21,1,0
BRDA:477,22,0,0
BRDA:477,22,1,0
BRDA:477,23,0,0
BRDA:477,23,1,0
BRDA:480,24,0,0
BRDA:480,24,1,0
BRDA:481,25,0,0
BRDA:481,25,1,0
BRDA:481,26,0,0
BRDA:481,26,1,0
BRDA:482,27,0,0
BRDA:482,27,1,0
BRDA:484,28,0,0
BRDA:484,28,1,0
BRDA:485,29,0,0
BRDA:485,29,1,0
BRDA:485,30,0,0
BRDA:485,30,1,0
BRDA:486,31,0,0
BRDA:486,31,1,0
BRDA:492,32,0,0
BRDA:492,32,1,0
BRDA:492,33,0,0
BRDA:492,33,1,0
BRDA:496,34,0,0
BRDA:496,34,1,0
BRDA:508,35,0,0
BRDA:508,35,1,0
BRDA:508,36,0,0
BRDA:508,36,1,0
BRDA:525,37,0,0
BRDA:525,37,1,0
BRF:88
BRH:0
end_of_record
TN:
SF:src/views/profile/Profile.vue
FN:21,(anonymous_0)
FN:62,(anonymous_1)
FN:72,(anonymous_2)
FN:77,(anonymous_3)
FN:99,(anonymous_4)
FN:102,(anonymous_5)
FN:107,(anonymous_6)
FN:114,(anonymous_7)
FN:118,(anonymous_8)
FN:125,(anonymous_9)
FN:143,(anonymous_10)
FN:148,(anonymous_11)
FN:160,(anonymous_12)
FN:163,(anonymous_13)
FN:181,(anonymous_14)
FN:188,(anonymous_15)
FN:190,(anonymous_16)
FN:205,(anonymous_17)
FN:491,render
FN:501,(anonymous_19)
FN:511,(anonymous_20)
FN:544,(anonymous_21)
FN:553,(anonymous_22)
FN:558,(anonymous_23)
FN:573,(anonymous_24)
FN:580,(anonymous_25)
FN:589,(anonymous_26)
FN:598,(anonymous_27)
FN:607,(anonymous_28)
FN:616,(anonymous_29)
FN:624,(anonymous_30)
FN:640,(anonymous_31)
FN:650,(anonymous_32)
FN:659,(anonymous_33)
FN:668,(anonymous_34)
FN:677,(anonymous_35)
FN:686,(anonymous_36)
FN:696,(anonymous_37)
FNF:38
FNH:5
FNDA:3,(anonymous_0)
FNDA:3,(anonymous_1)
FNDA:3,(anonymous_2)
FNDA:3,(anonymous_3)
FNDA:0,(anonymous_4)
FNDA:0,(anonymous_5)
FNDA:0,(anonymous_6)
FNDA:0,(anonymous_7)
FNDA:0,(anonymous_8)
FNDA:0,(anonymous_9)
FNDA:0,(anonymous_10)
FNDA:0,(anonymous_11)
FNDA:0,(anonymous_12)
FNDA:0,(anonymous_13)
FNDA:0,(anonymous_14)
FNDA:0,(anonymous_15)
FNDA:0,(anonymous_16)
FNDA:0,(anonymous_17)
FNDA:3,render
FNDA:0,(anonymous_19)
FNDA:0,(anonymous_20)
FNDA:0,(anonymous_21)
FNDA:0,(anonymous_22)
FNDA:0,(anonymous_23)
FNDA:0,(anonymous_24)
FNDA:0,(anonymous_25)
FNDA:0,(anonymous_26)
FNDA:0,(anonymous_27)
FNDA:0,(anonymous_28)
FNDA:0,(anonymous_29)
FNDA:0,(anonymous_30)
FNDA:0,(anonymous_31)
FNDA:0,(anonymous_32)
FNDA:0,(anonymous_33)
FNDA:0,(anonymous_34)
FNDA:0,(anonymous_35)
FNDA:0,(anonymous_36)
FNDA:0,(anonymous_37)
DA:3,1
DA:4,1
DA:7,1
DA:8,1
DA:9,1
DA:10,1
DA:11,1
DA:12,1
DA:13,1
DA:22,3
DA:63,3
DA:73,3
DA:74,3
DA:77,3
DA:80,0
DA:81,0
DA:91,0
DA:93,0
DA:94,0
DA:96,0
DA:100,0
DA:103,0
DA:108,0
DA:109,0
DA:111,0
DA:115,0
DA:116,0
DA:119,0
DA:120,0
DA:121,0
DA:122,0
DA:125,0
DA:128,0
DA:133,0
DA:134,0
DA:135,0
DA:137,0
DA:138,0
DA:140,0
DA:144,0
DA:145,0
DA:146,0
DA:149,0
DA:151,0
DA:153,0
DA:155,0
DA:157,0
DA:161,0
DA:164,0
DA:165,0
DA:168,0
DA:169,0
DA:170,0
DA:174,0
DA:175,0
DA:176,0
DA:178,0
DA:179,0
DA:182,0
DA:183,0
DA:184,0
DA:185,0
DA:188,0
DA:189,0
DA:190,0
DA:191,0
DA:192,0
DA:193,0
DA:195,0
DA:197,0
DA:198,0
DA:199,0
DA:201,0
DA:202,0
DA:206,0
DA:207,0
DA:208,0
DA:212,1
DA:214,1
DA:217,1
DA:218,1
DA:219,1
DA:222,1
DA:225,1
DA:228,1
DA:231,1
DA:235,1
DA:238,1
DA:241,1
DA:244,1
DA:247,1
DA:248,1
DA:252,1
DA:255,1
DA:258,1
DA:261,1
DA:264,1
DA:267,1
DA:270,1
DA:273,1
DA:276,1
DA:279,1
DA:282,1
DA:285,1
DA:288,1
DA:291,1
DA:294,1
DA:297,1
DA:300,1
DA:303,1
DA:306,1
DA:309,1
DA:312,1
DA:315,1
DA:318,1
DA:321,1
DA:324,1
DA:327,1
DA:330,1
DA:333,1
DA:336,1
DA:337,1
DA:340,1
DA:341,1
DA:344,1
DA:347,1
DA:348,1
DA:351,1
DA:352,1
DA:355,1
DA:358,1
DA:359,1
DA:362,1
DA:363,1
DA:366,1
DA:367,1
DA:370,1
DA:373,1
DA:374,1
DA:377,1
DA:378,1
DA:381,1
DA:382,1
DA:385,1
DA:386,1
DA:389,1
DA:390,1
DA:394,1
DA:395,1
DA:401,1
DA:404,1
DA:407,1
DA:410,1
DA:413,1
DA:416,1
DA:419,1
DA:422,1
DA:425,1
DA:428,1
DA:431,1
DA:434,1
DA:437,1
DA:440,1
DA:443,1
DA:446,1
DA:449,1
DA:452,1
DA:455,1
DA:458,1
DA:461,1
DA:464,1
DA:467,1
DA:470,1
DA:473,1
DA:476,1
DA:479,1
DA:482,1
DA:485,1
DA:488,1
DA:492,3
DA:493,3
DA:494,3
DA:495,3
DA:496,3
DA:497,3
DA:501,0
DA:511,0
DA:544,0
DA:553,0
DA:558,0
DA:573,0
DA:580,0
DA:589,0
DA:598,0
DA:607,0
DA:616,0
DA:624,0
DA:640,0
DA:650,0
DA:659,0
DA:668,0
DA:677,0
DA:686,0
DA:696,0
DA:731,1
LF:205
LH:123
BRDA:80,0,0,0
BRDA:80,0,1,0
BRDA:85,1,0,0
BRDA:85,1,1,0
BRDA:108,2,0,0
BRDA:108,2,1,0
BRDA:144,3,0,0
BRDA:144,3,1,0
BRDA:149,4,0,0
BRDA:149,4,1,0
BRDA:149,4,2,0
BRDA:149,4,3,0
BRDA:165,5,0,0
BRDA:165,5,1,0
BRDA:168,6,0,0
BRDA:168,6,1,0
BRDA:174,7,0,0
BRDA:174,7,1,0
BRDA:182,8,0,0
BRDA:182,8,1,0
BRDA:497,9,0,3
BRDA:497,9,1,3
BRDA:501,10,0,3
BRDA:501,10,1,3
BRDA:501,11,0,0
BRDA:501,11,1,0
BRDA:507,12,0,3
BRDA:507,12,1,3
BRDA:514,13,0,0
BRDA:514,13,1,0
BRDA:516,14,0,3
BRDA:516,14,1,0
BRDA:516,15,0,0
BRDA:516,15,1,0
BRDA:527,16,0,0
BRDA:527,16,1,0
BRDA:527,17,0,0
BRDA:527,17,1,0
BRDA:530,18,0,0
BRDA:530,18,1,0
BRDA:530,19,0,0
BRDA:530,19,1,0
BRDA:533,20,0,0
BRDA:533,20,1,0
BRDA:533,21,0,0
BRDA:533,21,1,0
BRDA:536,22,0,0
BRDA:536,22,1,0
BRDA:536,23,0,0
BRDA:536,23,1,0
BRDA:539,24,0,0
BRDA:539,24,1,0
BRDA:539,25,0,0
BRDA:539,25,1,0
BRDA:542,26,0,0
BRDA:542,26,1,0
BRDA:542,27,0,0
BRDA:542,27,1,0
BRDA:544,28,0,0
BRDA:544,28,1,0
BRDA:544,29,0,0
BRDA:544,29,1,0
BRDA:548,30,0,0
BRDA:548,30,1,0
BRDA:553,31,0,0
BRDA:553,31,1,0
BRDA:553,32,0,0
BRDA:553,32,1,0
BRDA:554,33,0,0
BRDA:554,33,1,0
BRDA:558,34,0,0
BRDA:558,34,1,0
BRDA:558,35,0,0
BRDA:558,35,1,0
BRDA:560,36,0,0
BRDA:560,36,1,0
BRDA:562,37,0,0
BRDA:562,37,1,0
BRDA:562,38,0,0
BRDA:562,38,1,0
BRDA:567,39,0,0
BRDA:567,39,1,0
BRDA:573,40,0,0
BRDA:573,40,1,0
BRDA:573,41,0,0
BRDA:573,41,1,0
BRDA:574,42,0,0
BRDA:574,42,1,0
BRDA:580,43,0,0
BRDA:580,43,1,0
BRDA:583,44,0,0
BRDA:583,44,1,0
BRDA:589,45,0,0
BRDA:589,45,1,0
BRDA:592,46,0,0
BRDA:592,46,1,0
BRDA:598,47,0,0
BRDA:598,47,1,0
BRDA:601,48,0,0
BRDA:601,48,1,0
BRDA:607,49,0,0
BRDA:607,49,1,0
BRDA:610,50,0,0
BRDA:610,50,1,0
BRDA:616,51,0,0
BRDA:616,51,1,0
BRDA:619,52,0,0
BRDA:619,52,1,0
BRDA:624,53,0,0
BRDA:624,53,1,0
BRDA:627,54,0,0
BRDA:627,54,1,0
BRDA:635,55,0,0
BRDA:635,55,1,0
BRDA:640,56,0,0
BRDA:640,56,1,0
BRDA:644,57,0,0
BRDA:644,57,1,0
BRDA:650,58,0,0
BRDA:650,58,1,0
BRDA:653,59,0,0
BRDA:653,59,1,0
BRDA:659,60,0,0
BRDA:659,60,1,0
BRDA:662,61,0,0
BRDA:662,61,1,0
BRDA:668,62,0,0
BRDA:668,62,1,0
BRDA:671,63,0,0
BRDA:671,63,1,0
BRDA:677,64,0,0
BRDA:677,64,1,0
BRDA:680,65,0,0
BRDA:680,65,1,0
BRDA:686,66,0,0
BRDA:686,66,1,0
BRDA:689,67,0,0
BRDA:689,67,1,0
BRDA:693,68,0,0
BRDA:693,68,1,0
BRDA:693,69,0,0
BRDA:693,69,1,0
BRDA:696,70,0,0
BRDA:696,70,1,0
BRDA:696,71,0,0
BRDA:696,71,1,0
BRDA:697,72,0,0
BRDA:697,72,1,0
BRDA:701,73,0,0
BRDA:701,73,1,0
BRDA:703,74,0,0
BRDA:703,74,1,0
BRDA:703,75,0,0
BRDA:703,75,1,0
BRDA:705,76,0,0
BRDA:705,76,1,0
BRDA:705,77,0,0
BRDA:705,77,1,0
BRDA:707,78,0,0
BRDA:707,78,1,0
BRDA:707,79,0,0
BRDA:707,79,1,0
BRDA:709,80,0,0
BRDA:709,80,1,0
BRDA:709,81,0,0
BRDA:709,81,1,0
BRDA:711,82,0,0
BRDA:711,82,1,0
BRDA:711,83,0,0
BRDA:711,83,1,0
BRDA:713,84,0,0
BRDA:713,84,1,0
BRDA:713,85,0,0
BRDA:713,85,1,0
BRDA:715,86,0,0
BRDA:715,86,1,0
BRDA:715,87,0,0
BRDA:715,87,1,0
BRDA:724,88,0,0
BRDA:724,88,1,3
BRF:180
BRH:8
end_of_record
TN:
SF:src/views/settings/Settings.vue
FN:16,(anonymous_0)
FN:98,(anonymous_1)
FN:108,(anonymous_2)
FN:114,(anonymous_3)
FN:122,(anonymous_4)
FN:129,(anonymous_5)
FN:138,(anonymous_6)
FN:145,(anonymous_7)
FN:154,(anonymous_8)
FN:161,(anonymous_9)
FN:170,(anonymous_10)
FN:177,(anonymous_11)
FN:186,(anonymous_12)
FN:189,(anonymous_13)
FN:194,(anonymous_14)
FN:214,(anonymous_15)
FN:219,(anonymous_16)
FN:224,(anonymous_17)
FN:228,(anonymous_18)
FN:233,(anonymous_19)
FN:237,(anonymous_20)
FN:248,(anonymous_21)
FN:253,(anonymous_22)
FN:262,(anonymous_23)
FN:292,(anonymous_24)
FN:301,(anonymous_25)
FN:310,(anonymous_26)
FN:315,(anonymous_27)
FN:317,(anonymous_28)
FN:671,render
FN:697,(anonymous_30)
FN:705,(anonymous_31)
FN:712,(anonymous_32)
FN:723,(anonymous_33)
FN:738,(anonymous_34)
FN:749,(anonymous_35)
FN:762,(anonymous_36)
FN:774,(anonymous_37)
FN:783,(anonymous_38)
FN:793,(anonymous_39)
FN:801,(anonymous_40)
FN:810,(anonymous_41)
FN:818,(anonymous_42)
FN:826,(anonymous_43)
FN:834,(anonymous_44)
FN:844,(anonymous_45)
FN:854,(anonymous_46)
FN:865,(anonymous_47)
FN:873,(anonymous_48)
FN:889,(anonymous_49)
FN:900,(anonymous_50)
FN:905,(anonymous_51)
FN:917,(anonymous_52)
FN:928,(anonymous_53)
FN:937,(anonymous_54)
FN:946,(anonymous_55)
FN:951,(anonymous_56)
FN:961,(anonymous_57)
FN:975,(anonymous_58)
FN:983,(anonymous_59)
FN:991,(anonymous_60)
FN:1003,(anonymous_61)
FN:1022,(anonymous_62)
FN:1031,(anonymous_63)
FN:1048,(anonymous_64)
FN:1054,(anonymous_65)
FN:1069,(anonymous_66)
FN:1079,(anonymous_67)
FN:1090,(anonymous_68)
FN:1101,(anonymous_69)
FN:1112,(anonymous_70)
FN:1117,(anonymous_71)
FN:1129,(anonymous_72)
FN:1139,(anonymous_73)
FN:1154,(anonymous_74)
FNF:75
FNH:0
FNDA:0,(anonymous_0)
FNDA:0,(anonymous_1)
FNDA:0,(anonymous_2)
FNDA:0,(anonymous_3)
FNDA:0,(anonymous_4)
FNDA:0,(anonymous_5)
FNDA:0,(anonymous_6)
FNDA:0,(anonymous_7)
FNDA:0,(anonymous_8)
FNDA:0,(anonymous_9)
FNDA:0,(anonymous_10)
FNDA:0,(anonymous_11)
FNDA:0,(anonymous_12)
FNDA:0,(anonymous_13)
FNDA:0,(anonymous_14)
FNDA:0,(anonymous_15)
FNDA:0,(anonymous_16)
FNDA:0,(anonymous_17)
FNDA:0,(anonymous_18)
FNDA:0,(anonymous_19)
FNDA:0,(anonymous_20)
FNDA:0,(anonymous_21)
FNDA:0,(anonymous_22)
FNDA:0,(anonymous_23)
FNDA:0,(anonymous_24)
FNDA:0,(anonymous_25)
FNDA:0,(anonymous_26)
FNDA:0,(anonymous_27)
FNDA:0,(anonymous_28)
FNDA:0,render
FNDA:0,(anonymous_30)
FNDA:0,(anonymous_31)
FNDA:0,(anonymous_32)
FNDA:0,(anonymous_33)
FNDA:0,(anonymous_34)
FNDA:0,(anonymous_35)
FNDA:0,(anonymous_36)
FNDA:0,(anonymous_37)
FNDA:0,(anonymous_38)
FNDA:0,(anonymous_39)
FNDA:0,(anonymous_40)
FNDA:0,(anonymous_41)
FNDA:0,(anonymous_42)
FNDA:0,(anonymous_43)
FNDA:0,(anonymous_44)
FNDA:0,(anonymous_45)
FNDA:0,(anonymous_46)
FNDA:0,(anonymous_47)
FNDA:0,(anonymous_48)
FNDA:0,(anonymous_49)
FNDA:0,(anonymous_50)
FNDA:0,(anonymous_51)
FNDA:0,(anonymous_52)
FNDA:0,(anonymous_53)
FNDA:0,(anonymous_54)
FNDA:0,(anonymous_55)
FNDA:0,(anonymous_56)
FNDA:0,(anonymous_57)
FNDA:0,(anonymous_58)
FNDA:0,(anonymous_59)
FNDA:0,(anonymous_60)
FNDA:0,(anonymous_61)
FNDA:0,(anonymous_62)
FNDA:0,(anonymous_63)
FNDA:0,(anonymous_64)
FNDA:0,(anonymous_65)
FNDA:0,(anonymous_66)
FNDA:0,(anonymous_67)
FNDA:0,(anonymous_68)
FNDA:0,(anonymous_69)
FNDA:0,(anonymous_70)
FNDA:0,(anonymous_71)
FNDA:0,(anonymous_72)
FNDA:0,(anonymous_73)
FNDA:0,(anonymous_74)
DA:3,0
DA:6,0
DA:7,0
DA:8,0
DA:9,0
DA:10,0
DA:11,0
DA:12,0
DA:13,0
DA:17,0
DA:99,0
DA:109,0
DA:114,0
DA:118,0
DA:119,0
DA:123,0
DA:124,0
DA:129,0
DA:130,0
DA:132,0
DA:133,0
DA:135,0
DA:139,0
DA:140,0
DA:145,0
DA:146,0
DA:148,0
DA:149,0
DA:151,0
DA:155,0
DA:156,0
DA:161,0
DA:162,0
DA:164,0
DA:165,0
DA:167,0
DA:171,0
DA:172,0
DA:177,0
DA:178,0
DA:180,0
DA:181,0
DA:183,0
DA:187,0
DA:190,0
DA:191,0
DA:192,0
DA:195,0
DA:196,0
DA:199,0
DA:200,0
DA:201,0
DA:202,0
DA:206,0
DA:207,0
DA:208,0
DA:209,0
DA:213,0
DA:214,0
DA:215,0
DA:217,0
DA:221,0
DA:224,0
DA:225,0
DA:230,0
DA:233,0
DA:234,0
DA:239,0
DA:240,0
DA:241,0
DA:242,0
DA:244,0
DA:245,0
DA:248,0
DA:249,0
DA:255,0
DA:256,0
DA:257,0
DA:262,0
DA:264,0
DA:265,0
DA:276,0
DA:286,0
DA:287,0
DA:288,0
DA:289,0
DA:294,0
DA:299,0
DA:302,0
DA:303,0
DA:306,0
DA:307,0
DA:311,0
DA:315,0
DA:317,0
DA:318,0
DA:321,0
DA:322,0
DA:327,0
DA:329,0
DA:332,0
DA:333,0
DA:334,0
DA:337,0
DA:340,0
DA:343,0
DA:346,0
DA:349,0
DA:354,0
DA:364,0
DA:374,0
DA:384,0
DA:394,0
DA:404,0
DA:407,0
DA:410,0
DA:416,0
DA:419,0
DA:422,0
DA:425,0
DA:428,0
DA:431,0
DA:434,0
DA:437,0
DA:440,0
DA:441,0
DA:447,0
DA:453,0
DA:456,0
DA:459,0
DA:462,0
DA:465,0
DA:466,0
DA:470,0
DA:473,0
DA:476,0
DA:479,0
DA:482,0
DA:485,0
DA:488,0
DA:491,0
DA:494,0
DA:495,0
DA:501,0
DA:507,0
DA:510,0
DA:513,0
DA:516,0
DA:519,0
DA:522,0
DA:525,0
DA:528,0
DA:531,0
DA:534,0
DA:535,0
DA:538,0
DA:541,0
DA:544,0
DA:547,0
DA:548,0
DA:554,0
DA:560,0
DA:563,0
DA:566,0
DA:569,0
DA:572,0
DA:575,0
DA:578,0
DA:581,0
DA:584,0
DA:587,0
DA:590,0
DA:591,0
DA:597,0
DA:603,0
DA:606,0
DA:609,0
DA:615,0
DA:618,0
DA:621,0
DA:624,0
DA:627,0
DA:628,0
DA:629,0
DA:636,0
DA:639,0
DA:642,0
DA:645,0
DA:648,0
DA:651,0
DA:654,0
DA:657,0
DA:660,0
DA:661,0
DA:664,0
DA:665,0
DA:668,0
DA:672,0
DA:673,0
DA:697,0
DA:705,0
DA:712,0
DA:723,0
DA:738,0
DA:749,0
DA:762,0
DA:774,0
DA:783,0
DA:793,0
DA:801,0
DA:810,0
DA:818,0
DA:826,0
DA:834,0
DA:844,0
DA:854,0
DA:865,0
DA:873,0
DA:889,0
DA:900,0
DA:905,0
DA:917,0
DA:928,0
DA:937,0
DA:946,0
DA:951,0
DA:961,0
DA:975,0
DA:983,0
DA:991,0
DA:1003,0
DA:1022,0
DA:1032,0
DA:1048,0
DA:1054,0
DA:1069,0
DA:1079,0
DA:1090,0
DA:1101,0
DA:1112,0
DA:1117,0
DA:1129,0
DA:1139,0
DA:1154,0
DA:1156,0
LF:245
LH:0
BRDA:190,0,0,0
BRDA:190,0,1,0
BRDA:196,1,0,0
BRDA:196,1,1,0
BRDA:199,2,0,0
BRDA:199,2,1,0
BRDA:206,3,0,0
BRDA:206,3,1,0
BRDA:240,4,0,0
BRDA:240,4,1,0
BRDA:244,5,0,0
BRDA:244,5,1,0
BRDA:255,6,0,0
BRDA:255,6,1,0
BRDA:306,7,0,0
BRDA:306,7,1,0
BRDA:311,8,0,0
BRDA:311,8,1,0
BRDA:673,9,0,0
BRDA:673,9,1,0
BRDA:680,10,0,0
BRDA:680,10,1,0
BRDA:683,11,0,0
BRDA:683,11,1,0
BRDA:686,12,0,0
BRDA:686,12,1,0
BRDA:689,13,0,0
BRDA:689,13,1,0
BRDA:692,14,0,0
BRDA:692,14,1,0
BRDA:692,15,0,0
BRDA:692,15,1,0
BRDA:697,16,0,0
BRDA:697,16,1,0
BRDA:697,17,0,0
BRDA:697,17,1,0
BRDA:698,18,0,0
BRDA:698,18,1,0
BRDA:705,19,0,0
BRDA:705,19,1,0
BRDA:706,20,0,0
BRDA:706,20,1,0
BRDA:712,21,0,0
BRDA:712,21,1,0
BRDA:713,22,0,0
BRDA:713,22,1,0
BRDA:717,23,0,0
BRDA:717,23,1,0
BRDA:723,24,0,0
BRDA:723,24,1,0
BRDA:724,25,0,0
BRDA:724,25,1,0
BRDA:732,26,0,0
BRDA:732,26,1,0
BRDA:738,27,0,0
BRDA:738,27,1,0
BRDA:739,28,0,0
BRDA:739,28,1,0
BRDA:749,29,0,0
BRDA:749,29,1,0
BRDA:750,30,0,0
BRDA:750,30,1,0
BRDA:757,31,0,0
BRDA:757,31,1,0
BRDA:757,32,0,0
BRDA:757,32,1,0
BRDA:757,33,0,0
BRDA:757,33,1,0
BRDA:762,34,0,0
BRDA:762,34,1,0
BRDA:762,35,0,0
BRDA:762,35,1,0
BRDA:763,36,0,0
BRDA:763,36,1,0
BRDA:774,37,0,0
BRDA:774,37,1,0
BRDA:778,38,0,0
BRDA:778,38,1,0
BRDA:783,39,0,0
BRDA:783,39,1,0
BRDA:783,40,0,0
BRDA:783,40,1,0
BRDA:784,41,0,0
BRDA:784,41,1,0
BRDA:793,42,0,0
BRDA:793,42,1,0
BRDA:795,43,0,0
BRDA:795,43,1,0
BRDA:801,44,0,0
BRDA:801,44,1,0
BRDA:803,45,0,0
BRDA:803,45,1,0
BRDA:810,46,0,0
BRDA:810,46,1,0
BRDA:811,47,0,0
BRDA:811,47,1,0
BRDA:818,48,0,0
BRDA:818,48,1,0
BRDA:819,49,0,0
BRDA:819,49,1,0
BRDA:826,50,0,0
BRDA:826,50,1,0
BRDA:827,51,0,0
BRDA:827,51,1,0
BRDA:834,52,0,0
BRDA:834,52,1,0
BRDA:839,53,0,0
BRDA:839,53,1,0
BRDA:839,54,0,0
BRDA:839,54,1,0
BRDA:839,55,0,0
BRDA:839,55,1,0
BRDA:844,56,0,0
BRDA:844,56,1,0
BRDA:844,57,0,0
BRDA:844,57,1,0
BRDA:845,58,0,0
BRDA:845,58,1,0
BRDA:854,59,0,0
BRDA:854,59,1,0
BRDA:856,60,0,0
BRDA:856,60,1,0
BRDA:865,61,0,0
BRDA:865,61,1,0
BRDA:867,62,0,0
BRDA:867,62,1,0
BRDA:873,63,0,0
BRDA:873,63,1,0
BRDA:874,64,0,0
BRDA:874,64,1,0
BRDA:880,65,0,0
BRDA:880,65,1,0
BRDA:889,66,0,0
BRDA:889,66,1,0
BRDA:891,67,0,0
BRDA:891,67,1,0
BRDA:897,68,0,0
BRDA:897,68,1,0
BRDA:900,69,0,0
BRDA:900,69,1,0
BRDA:905,70,0,0
BRDA:905,70,1,0
BRDA:905,71,0,0
BRDA:905,71,1,0
BRDA:907,72,0,0
BRDA:907,72,1,0
BRDA:908,73,0,0
BRDA:908,73,1,0
BRDA:917,74,0,0
BRDA:917,74,1,0
BRDA:919,75,0,0
BRDA:919,75,1,0
BRDA:928,76,0,0
BRDA:928,76,1,0
BRDA:934,77,0,0
BRDA:934,77,1,0
BRDA:934,78,0,0
BRDA:934,78,1,0
BRDA:937,79,0,0
BRDA:937,79,1,0
BRDA:937,80,0,0
BRDA:937,80,1,0
BRDA:941,81,0,0
BRDA:941,81,1,0
BRDA:941,82,0,0
BRDA:941,82,1,0
BRDA:946,83,0,0
BRDA:946,83,1,0
BRDA:946,84,0,0
BRDA:946,84,1,0
BRDA:951,85,0,0
BRDA:951,85,1,0
BRDA:952,86,0,0
BRDA:952,86,1,0
BRDA:955,87,0,0
BRDA:955,87,1,0
BRDA:955,88,0,0
BRDA:955,88,1,0
BRDA:961,89,0,0
BRDA:961,89,1,0
BRDA:962,90,0,0
BRDA:962,90,1,0
BRDA:968,91,0,0
BRDA:968,91,1,0
BRDA:975,92,0,0
BRDA:975,92,1,0
BRDA:976,93,0,0
BRDA:976,93,1,0
BRDA:983,94,0,0
BRDA:983,94,1,0
BRDA:985,95,0,0
BRDA:985,95,1,0
BRDA:991,96,0,0
BRDA:991,96,1,0
BRDA:992,97,0,0
BRDA:992,97,1,0
BRDA:1000,98,0,0
BRDA:1000,98,1,0
BRDA:1000,99,0,0
BRDA:1000,99,1,0
BRDA:1003,100,0,0
BRDA:1003,100,1,0
BRDA:1003,101,0,0
BRDA:1003,101,1,0
BRDA:1007,102,0,0
BRDA:1007,102,1,0
BRDA:1007,103,0,0
BRDA:1007,103,1,0
BRDA:1007,104,0,0
BRDA:1007,104,1,0
BRDA:1009,105,0,0
BRDA:1009,105,1,0
BRDA:1022,106,0,0
BRDA:1022,106,1,0
BRDA:1022,107,0,0
BRDA:1022,107,1,0
BRDA:1026,108,0,0
BRDA:1026,108,1,0
BRDA:1026,109,0,0
BRDA:1026,109,1,0
BRDA:1031,110,0,0
BRDA:1031,110,1,0
BRDA:1031,111,0,0
BRDA:1031,111,1,0
BRDA:1040,112,0,0
BRDA:1040,112,1,0
BRDA:1040,113,0,0
BRDA:1040,113,1,0
BRDA:1045,114,0,0
BRDA:1045,114,1,0
BRDA:1058,115,0,0
BRDA:1058,115,1,0
BRDA:1069,116,0,0
BRDA:1069,116,1,0
BRDA:1069,117,0,0
BRDA:1069,117,1,0
BRDA:1070,118,0,0
BRDA:1070,118,1,0
BRDA:1079,119,0,0
BRDA:1079,119,1,0
BRDA:1081,120,0,0
BRDA:1081,120,1,0
BRDA:1090,121,0,0
BRDA:1090,121,1,0
BRDA:1092,122,0,0
BRDA:1092,122,1,0
BRDA:1101,123,0,0
BRDA:1101,123,1,0
BRDA:1103,124,0,0
BRDA:1103,124,1,0
BRDA:1109,125,0,0
BRDA:1109,125,1,0
BRDA:1112,126,0,0
BRDA:1112,126,1,0
BRDA:1117,127,0,0
BRDA:1117,127,1,0
BRDA:1117,128,0,0
BRDA:1117,128,1,0
BRDA:1119,129,0,0
BRDA:1119,129,1,0
BRDA:1120,130,0,0
BRDA:1120,130,1,0
BRDA:1126,131,0,0
BRDA:1126,131,1,0
BRDA:1129,132,0,0
BRDA:1129,132,1,0
BRDA:1131,133,0,0
BRDA:1131,133,1,0
BRDA:1139,134,0,0
BRDA:1139,134,1,0
BRDA:1141,135,0,0
BRDA:1141,135,1,0
BRDA:1147,136,0,0
BRDA:1147,136,1,0
BRDA:1154,137,0,0
BRDA:1154,137,1,0
BRDA:1154,138,0,0
BRDA:1154,138,1,0
BRF:278
BRH:0
end_of_record
